mode: set
github.com/MikeAustin71/stringopsgo/strops/v2/strops.go:65.62,67.2 1 1
github.com/MikeAustin71/stringopsgo/strops/v2/strops.go:73.67,75.2 1 1
github.com/MikeAustin71/stringopsgo/strops/v2/strops.go:81.72,85.18 3 1
github.com/MikeAustin71/stringopsgo/strops/v2/strops.go:89.2,89.20 1 1
github.com/MikeAustin71/stringopsgo/strops/v2/strops.go:85.18,87.3 1 1
github.com/MikeAustin71/stringopsgo/strops/v2/strops.go:134.61,136.2 1 1
github.com/MikeAustin71/stringopsgo/strops/v2/strops.go:142.66,144.2 1 1
github.com/MikeAustin71/stringopsgo/strops/v2/strops.go:150.71,154.18 3 1
github.com/MikeAustin71/stringopsgo/strops/v2/strops.go:158.2,158.20 1 1
github.com/MikeAustin71/stringopsgo/strops/v2/strops.go:154.18,156.3 1 1
github.com/MikeAustin71/stringopsgo/strops/v2/strops.go:178.57,190.2 10 1
github.com/MikeAustin71/stringopsgo/strops/v2/strops.go:218.61,224.2 4 1
github.com/MikeAustin71/stringopsgo/strops/v2/strops.go:228.64,245.2 16 1
github.com/MikeAustin71/stringopsgo/strops/v2/strops.go:299.38,305.20 3 1
github.com/MikeAustin71/stringopsgo/strops/v2/strops.go:310.2,310.20 1 1
github.com/MikeAustin71/stringopsgo/strops/v2/strops.go:316.2,316.24 1 1
github.com/MikeAustin71/stringopsgo/strops/v2/strops.go:321.2,321.41 1 1
github.com/MikeAustin71/stringopsgo/strops/v2/strops.go:325.2,333.40 6 1
github.com/MikeAustin71/stringopsgo/strops/v2/strops.go:475.2,475.24 1 1
github.com/MikeAustin71/stringopsgo/strops/v2/strops.go:305.20,308.3 1 1
github.com/MikeAustin71/stringopsgo/strops/v2/strops.go:310.20,314.3 1 1
github.com/MikeAustin71/stringopsgo/strops/v2/strops.go:316.24,319.3 1 1
github.com/MikeAustin71/stringopsgo/strops/v2/strops.go:321.41,323.3 1 1
github.com/MikeAustin71/stringopsgo/strops/v2/strops.go:333.40,338.17 2 1
github.com/MikeAustin71/stringopsgo/strops/v2/strops.go:346.3,346.19 1 1
github.com/MikeAustin71/stringopsgo/strops/v2/strops.go:355.3,355.28 1 1
github.com/MikeAustin71/stringopsgo/strops/v2/strops.go:361.3,363.33 2 1
github.com/MikeAustin71/stringopsgo/strops/v2/strops.go:368.3,371.17 2 1
github.com/MikeAustin71/stringopsgo/strops/v2/strops.go:379.3,379.18 1 1
github.com/MikeAustin71/stringopsgo/strops/v2/strops.go:471.3,471.29 1 1
github.com/MikeAustin71/stringopsgo/strops/v2/strops.go:338.17,344.4 1 0
github.com/MikeAustin71/stringopsgo/strops/v2/strops.go:346.19,348.20 1 1
github.com/MikeAustin71/stringopsgo/strops/v2/strops.go:352.4,352.9 1 1
github.com/MikeAustin71/stringopsgo/strops/v2/strops.go:348.20,350.5 1 0
github.com/MikeAustin71/stringopsgo/strops/v2/strops.go:355.28,358.9 3 0
github.com/MikeAustin71/stringopsgo/strops/v2/strops.go:363.33,365.4 1 1
github.com/MikeAustin71/stringopsgo/strops/v2/strops.go:371.17,377.4 1 0
github.com/MikeAustin71/stringopsgo/strops/v2/strops.go:379.18,384.4 1 0
github.com/MikeAustin71/stringopsgo/strops/v2/strops.go:384.9,384.26 1 1
github.com/MikeAustin71/stringopsgo/strops/v2/strops.go:384.26,388.36 1 1
github.com/MikeAustin71/stringopsgo/strops/v2/strops.go:388.36,395.10 3 1
github.com/MikeAustin71/stringopsgo/strops/v2/strops.go:397.10,397.51 1 0
github.com/MikeAustin71/stringopsgo/strops/v2/strops.go:397.51,403.37 1 0
github.com/MikeAustin71/stringopsgo/strops/v2/strops.go:403.37,408.11 3 0
github.com/MikeAustin71/stringopsgo/strops/v2/strops.go:410.11,414.6 2 0
github.com/MikeAustin71/stringopsgo/strops/v2/strops.go:416.10,423.5 3 0
github.com/MikeAustin71/stringopsgo/strops/v2/strops.go:425.9,428.32 1 1
github.com/MikeAustin71/stringopsgo/strops/v2/strops.go:428.32,432.10 3 1
github.com/MikeAustin71/stringopsgo/strops/v2/strops.go:434.10,434.44 1 1
github.com/MikeAustin71/stringopsgo/strops/v2/strops.go:434.44,440.19 2 1
github.com/MikeAustin71/stringopsgo/strops/v2/strops.go:448.5,448.18 1 1
github.com/MikeAustin71/stringopsgo/strops/v2/strops.go:440.19,446.6 1 0
github.com/MikeAustin71/stringopsgo/strops/v2/strops.go:448.18,453.14 2 0
github.com/MikeAustin71/stringopsgo/strops/v2/strops.go:455.11,459.6 2 1
github.com/MikeAustin71/stringopsgo/strops/v2/strops.go:461.10,468.5 2 1
github.com/MikeAustin71/stringopsgo/strops/v2/strops.go:488.71,492.31 2 1
github.com/MikeAustin71/stringopsgo/strops/v2/strops.go:496.2,499.44 3 1
github.com/MikeAustin71/stringopsgo/strops/v2/strops.go:552.2,552.19 1 1
github.com/MikeAustin71/stringopsgo/strops/v2/strops.go:492.31,494.3 1 1
github.com/MikeAustin71/stringopsgo/strops/v2/strops.go:499.44,502.16 2 1
github.com/MikeAustin71/stringopsgo/strops/v2/strops.go:503.10,504.27 1 1
github.com/MikeAustin71/stringopsgo/strops/v2/strops.go:505.10,506.26 1 1
github.com/MikeAustin71/stringopsgo/strops/v2/strops.go:507.10,508.26 1 1
github.com/MikeAustin71/stringopsgo/strops/v2/strops.go:509.10,510.26 1 1
github.com/MikeAustin71/stringopsgo/strops/v2/strops.go:511.10,512.26 1 1
github.com/MikeAustin71/stringopsgo/strops/v2/strops.go:513.10,514.26 1 1
github.com/MikeAustin71/stringopsgo/strops/v2/strops.go:515.10,516.26 1 1
github.com/MikeAustin71/stringopsgo/strops/v2/strops.go:517.13,518.24 1 1
github.com/MikeAustin71/stringopsgo/strops/v2/strops.go:519.13,520.24 1 1
github.com/MikeAustin71/stringopsgo/strops/v2/strops.go:521.13,522.24 1 1
github.com/MikeAustin71/stringopsgo/strops/v2/strops.go:523.13,524.24 1 1
github.com/MikeAustin71/stringopsgo/strops/v2/strops.go:525.13,526.24 1 1
github.com/MikeAustin71/stringopsgo/strops/v2/strops.go:527.13,528.24 1 1
github.com/MikeAustin71/stringopsgo/strops/v2/strops.go:529.13,530.24 1 1
github.com/MikeAustin71/stringopsgo/strops/v2/strops.go:531.11,532.25 1 1
github.com/MikeAustin71/stringopsgo/strops/v2/strops.go:533.11,534.25 1 1
github.com/MikeAustin71/stringopsgo/strops/v2/strops.go:535.13,536.23 1 1
github.com/MikeAustin71/stringopsgo/strops/v2/strops.go:537.12,539.20 1 1
github.com/MikeAustin71/stringopsgo/strops/v2/strops.go:545.11,546.22 1 1
github.com/MikeAustin71/stringopsgo/strops/v2/strops.go:539.20,541.5 1 1
github.com/MikeAustin71/stringopsgo/strops/v2/strops.go:541.10,543.5 1 1
github.com/MikeAustin71/stringopsgo/strops/v2/strops.go:558.45,570.2 9 1
github.com/MikeAustin71/stringopsgo/strops/v2/strops.go:575.39,585.2 7 1
github.com/MikeAustin71/stringopsgo/strops/v2/strops.go:590.74,594.21 2 1
github.com/MikeAustin71/stringopsgo/strops/v2/strops.go:598.2,600.29 2 1
github.com/MikeAustin71/stringopsgo/strops/v2/strops.go:604.2,604.14 1 1
github.com/MikeAustin71/stringopsgo/strops/v2/strops.go:594.21,596.3 1 1
github.com/MikeAustin71/stringopsgo/strops/v2/strops.go:600.29,602.3 1 1
github.com/MikeAustin71/stringopsgo/strops/v2/strops.go:696.61,707.23 8 1
github.com/MikeAustin71/stringopsgo/strops/v2/strops.go:713.2,713.18 1 1
github.com/MikeAustin71/stringopsgo/strops/v2/strops.go:719.2,719.30 1 1
github.com/MikeAustin71/stringopsgo/strops/v2/strops.go:728.2,730.36 2 1
github.com/MikeAustin71/stringopsgo/strops/v2/strops.go:738.2,740.37 2 1
github.com/MikeAustin71/stringopsgo/strops/v2/strops.go:747.2,753.34 5 1
github.com/MikeAustin71/stringopsgo/strops/v2/strops.go:783.2,784.28 1 1
github.com/MikeAustin71/stringopsgo/strops/v2/strops.go:791.2,793.30 2 1
github.com/MikeAustin71/stringopsgo/strops/v2/strops.go:824.2,827.28 2 1
github.com/MikeAustin71/stringopsgo/strops/v2/strops.go:834.2,836.36 2 1
github.com/MikeAustin71/stringopsgo/strops/v2/strops.go:855.2,860.32 4 1
github.com/MikeAustin71/stringopsgo/strops/v2/strops.go:910.2,910.30 1 1
github.com/MikeAustin71/stringopsgo/strops/v2/strops.go:914.2,914.77 1 1
github.com/MikeAustin71/stringopsgo/strops/v2/strops.go:918.2,924.36 6 1
github.com/MikeAustin71/stringopsgo/strops/v2/strops.go:930.2,930.24 1 1
github.com/MikeAustin71/stringopsgo/strops/v2/strops.go:707.23,711.3 1 1
github.com/MikeAustin71/stringopsgo/strops/v2/strops.go:713.18,717.3 1 1
github.com/MikeAustin71/stringopsgo/strops/v2/strops.go:719.30,726.3 1 1
github.com/MikeAustin71/stringopsgo/strops/v2/strops.go:730.36,736.3 1 1
github.com/MikeAustin71/stringopsgo/strops/v2/strops.go:740.37,745.3 1 1
github.com/MikeAustin71/stringopsgo/strops/v2/strops.go:753.34,755.49 1 1
github.com/MikeAustin71/stringopsgo/strops/v2/strops.go:755.49,758.29 2 1
github.com/MikeAustin71/stringopsgo/strops/v2/strops.go:762.4,767.46 4 1
github.com/MikeAustin71/stringopsgo/strops/v2/strops.go:772.4,778.9 5 1
github.com/MikeAustin71/stringopsgo/strops/v2/strops.go:758.29,759.13 1 1
github.com/MikeAustin71/stringopsgo/strops/v2/strops.go:767.46,768.13 1 0
github.com/MikeAustin71/stringopsgo/strops/v2/strops.go:784.28,789.3 2 0
github.com/MikeAustin71/stringopsgo/strops/v2/strops.go:793.30,795.45 1 1
github.com/MikeAustin71/stringopsgo/strops/v2/strops.go:795.45,799.24 2 1
github.com/MikeAustin71/stringopsgo/strops/v2/strops.go:803.4,808.41 4 1
github.com/MikeAustin71/stringopsgo/strops/v2/strops.go:813.4,819.9 5 1
github.com/MikeAustin71/stringopsgo/strops/v2/strops.go:799.24,800.13 1 1
github.com/MikeAustin71/stringopsgo/strops/v2/strops.go:808.41,809.13 1 0
github.com/MikeAustin71/stringopsgo/strops/v2/strops.go:827.28,832.3 2 0
github.com/MikeAustin71/stringopsgo/strops/v2/strops.go:836.36,840.23 2 1
github.com/MikeAustin71/stringopsgo/strops/v2/strops.go:844.3,846.41 2 1
github.com/MikeAustin71/stringopsgo/strops/v2/strops.go:850.3,852.53 2 1
github.com/MikeAustin71/stringopsgo/strops/v2/strops.go:840.23,842.4 1 1
github.com/MikeAustin71/stringopsgo/strops/v2/strops.go:846.41,848.4 1 1
github.com/MikeAustin71/stringopsgo/strops/v2/strops.go:860.32,862.30 1 1
github.com/MikeAustin71/stringopsgo/strops/v2/strops.go:897.3,897.30 1 1
github.com/MikeAustin71/stringopsgo/strops/v2/strops.go:901.3,905.2 3 1
github.com/MikeAustin71/stringopsgo/strops/v2/strops.go:862.30,864.51 1 1
github.com/MikeAustin71/stringopsgo/strops/v2/strops.go:864.51,868.32 2 1
github.com/MikeAustin71/stringopsgo/strops/v2/strops.go:873.5,875.29 2 1
github.com/MikeAustin71/stringopsgo/strops/v2/strops.go:868.32,869.14 1 1
github.com/MikeAustin71/stringopsgo/strops/v2/strops.go:878.9,880.52 1 1
github.com/MikeAustin71/stringopsgo/strops/v2/strops.go:880.52,884.33 2 1
github.com/MikeAustin71/stringopsgo/strops/v2/strops.go:888.5,892.28 3 1
github.com/MikeAustin71/stringopsgo/strops/v2/strops.go:884.33,885.14 1 1
github.com/MikeAustin71/stringopsgo/strops/v2/strops.go:897.30,899.4 1 1
github.com/MikeAustin71/stringopsgo/strops/v2/strops.go:910.30,912.3 1 1
github.com/MikeAustin71/stringopsgo/strops/v2/strops.go:914.77,916.3 1 1
github.com/MikeAustin71/stringopsgo/strops/v2/strops.go:924.36,926.3 1 1
github.com/MikeAustin71/stringopsgo/strops/v2/strops.go:926.8,928.3 1 1
github.com/MikeAustin71/stringopsgo/strops/v2/strops.go:1085.54,1095.23 6 1
github.com/MikeAustin71/stringopsgo/strops/v2/strops.go:1100.2,1100.20 1 1
github.com/MikeAustin71/stringopsgo/strops/v2/strops.go:1106.2,1106.32 1 1
github.com/MikeAustin71/stringopsgo/strops/v2/strops.go:1114.2,1126.31 9 1
github.com/MikeAustin71/stringopsgo/strops/v2/strops.go:1143.2,1143.32 1 1
github.com/MikeAustin71/stringopsgo/strops/v2/strops.go:1160.2,1160.32 1 1
github.com/MikeAustin71/stringopsgo/strops/v2/strops.go:1177.2,1185.45 6 1
github.com/MikeAustin71/stringopsgo/strops/v2/strops.go:1197.2,1197.32 1 1
github.com/MikeAustin71/stringopsgo/strops/v2/strops.go:1204.2,1211.37 3 1
github.com/MikeAustin71/stringopsgo/strops/v2/strops.go:1280.2,1282.37 2 1
github.com/MikeAustin71/stringopsgo/strops/v2/strops.go:1301.2,1303.55 2 1
github.com/MikeAustin71/stringopsgo/strops/v2/strops.go:1354.2,1354.34 1 1
github.com/MikeAustin71/stringopsgo/strops/v2/strops.go:1374.2,1374.21 1 1
github.com/MikeAustin71/stringopsgo/strops/v2/strops.go:1095.23,1098.3 1 1
github.com/MikeAustin71/stringopsgo/strops/v2/strops.go:1100.20,1104.3 1 1
github.com/MikeAustin71/stringopsgo/strops/v2/strops.go:1106.32,1112.3 1 1
github.com/MikeAustin71/stringopsgo/strops/v2/strops.go:1126.31,1129.46 1 1
github.com/MikeAustin71/stringopsgo/strops/v2/strops.go:1140.3,1140.46 1 1
github.com/MikeAustin71/stringopsgo/strops/v2/strops.go:1129.46,1132.32 1 1
github.com/MikeAustin71/stringopsgo/strops/v2/strops.go:1136.4,1136.74 1 1
github.com/MikeAustin71/stringopsgo/strops/v2/strops.go:1132.32,1133.13 1 0
github.com/MikeAustin71/stringopsgo/strops/v2/strops.go:1143.32,1146.47 1 1
github.com/MikeAustin71/stringopsgo/strops/v2/strops.go:1157.3,1157.48 1 1
github.com/MikeAustin71/stringopsgo/strops/v2/strops.go:1146.47,1149.33 1 1
github.com/MikeAustin71/stringopsgo/strops/v2/strops.go:1153.4,1153.77 1 1
github.com/MikeAustin71/stringopsgo/strops/v2/strops.go:1149.33,1150.13 1 0
github.com/MikeAustin71/stringopsgo/strops/v2/strops.go:1160.32,1163.47 1 1
github.com/MikeAustin71/stringopsgo/strops/v2/strops.go:1174.3,1174.48 1 1
github.com/MikeAustin71/stringopsgo/strops/v2/strops.go:1163.47,1166.33 1 1
github.com/MikeAustin71/stringopsgo/strops/v2/strops.go:1170.4,1170.77 1 1
github.com/MikeAustin71/stringopsgo/strops/v2/strops.go:1166.33,1167.13 1 0
github.com/MikeAustin71/stringopsgo/strops/v2/strops.go:1185.45,1189.31 1 1
github.com/MikeAustin71/stringopsgo/strops/v2/strops.go:1189.31,1193.9 2 1
github.com/MikeAustin71/stringopsgo/strops/v2/strops.go:1197.32,1202.3 1 1
github.com/MikeAustin71/stringopsgo/strops/v2/strops.go:1211.37,1213.59 1 1
github.com/MikeAustin71/stringopsgo/strops/v2/strops.go:1213.59,1215.45 1 1
github.com/MikeAustin71/stringopsgo/strops/v2/strops.go:1269.4,1271.39 2 1
github.com/MikeAustin71/stringopsgo/strops/v2/strops.go:1276.4,1276.9 1 1
github.com/MikeAustin71/stringopsgo/strops/v2/strops.go:1215.45,1217.46 1 1
github.com/MikeAustin71/stringopsgo/strops/v2/strops.go:1217.46,1220.34 1 1
github.com/MikeAustin71/stringopsgo/strops/v2/strops.go:1220.34,1238.33 7 1
github.com/MikeAustin71/stringopsgo/strops/v2/strops.go:1244.7,1244.48 1 1
github.com/MikeAustin71/stringopsgo/strops/v2/strops.go:1251.7,1251.12 1 1
github.com/MikeAustin71/stringopsgo/strops/v2/strops.go:1238.33,1240.8 1 1
github.com/MikeAustin71/stringopsgo/strops/v2/strops.go:1244.48,1245.47 1 1
github.com/MikeAustin71/stringopsgo/strops/v2/strops.go:1245.47,1248.9 2 1
github.com/MikeAustin71/stringopsgo/strops/v2/strops.go:1253.12,1264.12 5 1
github.com/MikeAustin71/stringopsgo/strops/v2/strops.go:1271.39,1273.13 2 1
github.com/MikeAustin71/stringopsgo/strops/v2/strops.go:1282.37,1284.57 1 1
github.com/MikeAustin71/stringopsgo/strops/v2/strops.go:1284.57,1287.40 1 1
github.com/MikeAustin71/stringopsgo/strops/v2/strops.go:1287.40,1293.5 3 1
github.com/MikeAustin71/stringopsgo/strops/v2/strops.go:1293.10,1296.5 2 1
github.com/MikeAustin71/stringopsgo/strops/v2/strops.go:1303.55,1305.21 1 1
github.com/MikeAustin71/stringopsgo/strops/v2/strops.go:1333.3,1335.45 2 1
github.com/MikeAustin71/stringopsgo/strops/v2/strops.go:1349.3,1349.8 1 1
github.com/MikeAustin71/stringopsgo/strops/v2/strops.go:1305.21,1307.54 1 1
github.com/MikeAustin71/stringopsgo/strops/v2/strops.go:1313.4,1313.46 1 1
github.com/MikeAustin71/stringopsgo/strops/v2/strops.go:1307.54,1310.13 2 1
github.com/MikeAustin71/stringopsgo/strops/v2/strops.go:1313.46,1315.47 1 1
github.com/MikeAustin71/stringopsgo/strops/v2/strops.go:1315.47,1318.58 1 1
github.com/MikeAustin71/stringopsgo/strops/v2/strops.go:1324.6,1326.23 2 1
github.com/MikeAustin71/stringopsgo/strops/v2/strops.go:1318.58,1321.21 1 1
github.com/MikeAustin71/stringopsgo/strops/v2/strops.go:1335.45,1337.46 1 1
github.com/MikeAustin71/stringopsgo/strops/v2/strops.go:1337.46,1343.22 4 1
github.com/MikeAustin71/stringopsgo/strops/v2/strops.go:1354.34,1357.30 2 1
github.com/MikeAustin71/stringopsgo/strops/v2/strops.go:1363.3,1369.51 5 1
github.com/MikeAustin71/stringopsgo/strops/v2/strops.go:1357.30,1359.4 1 1
github.com/MikeAustin71/stringopsgo/strops/v2/strops.go:1359.9,1361.4 1 1
github.com/MikeAustin71/stringopsgo/strops/v2/strops.go:1369.51,1371.4 1 1
github.com/MikeAustin71/stringopsgo/strops/v2/strops.go:1394.99,1398.41 2 1
github.com/MikeAustin71/stringopsgo/strops/v2/strops.go:1401.2,1403.20 2 1
github.com/MikeAustin71/stringopsgo/strops/v2/strops.go:1408.2,1408.18 1 1
github.com/MikeAustin71/stringopsgo/strops/v2/strops.go:1413.2,1413.30 1 1
github.com/MikeAustin71/stringopsgo/strops/v2/strops.go:1419.2,1419.27 1 1
github.com/MikeAustin71/stringopsgo/strops/v2/strops.go:1424.2,1426.22 2 1
github.com/MikeAustin71/stringopsgo/strops/v2/strops.go:1435.2,1435.16 1 1
github.com/MikeAustin71/stringopsgo/strops/v2/strops.go:1398.41,1400.3 1 1
github.com/MikeAustin71/stringopsgo/strops/v2/strops.go:1403.20,1406.3 1 1
github.com/MikeAustin71/stringopsgo/strops/v2/strops.go:1408.18,1411.3 1 1
github.com/MikeAustin71/stringopsgo/strops/v2/strops.go:1413.30,1417.3 1 1
github.com/MikeAustin71/stringopsgo/strops/v2/strops.go:1419.27,1422.3 1 1
github.com/MikeAustin71/stringopsgo/strops/v2/strops.go:1426.22,1428.28 1 1
github.com/MikeAustin71/stringopsgo/strops/v2/strops.go:1432.3,1432.8 1 1
github.com/MikeAustin71/stringopsgo/strops/v2/strops.go:1428.28,1430.4 1 1
github.com/MikeAustin71/stringopsgo/strops/v2/strops.go:1454.94,1460.23 3 1
github.com/MikeAustin71/stringopsgo/strops/v2/strops.go:1465.2,1465.18 1 1
github.com/MikeAustin71/stringopsgo/strops/v2/strops.go:1470.2,1470.16 1 1
github.com/MikeAustin71/stringopsgo/strops/v2/strops.go:1475.2,1475.28 1 1
github.com/MikeAustin71/stringopsgo/strops/v2/strops.go:1481.2,1481.23 1 1
github.com/MikeAustin71/stringopsgo/strops/v2/strops.go:1486.2,1488.21 2 1
github.com/MikeAustin71/stringopsgo/strops/v2/strops.go:1497.2,1497.16 1 1
github.com/MikeAustin71/stringopsgo/strops/v2/strops.go:1460.23,1463.3 1 1
github.com/MikeAustin71/stringopsgo/strops/v2/strops.go:1465.18,1468.3 1 1
github.com/MikeAustin71/stringopsgo/strops/v2/strops.go:1470.16,1473.3 1 1
github.com/MikeAustin71/stringopsgo/strops/v2/strops.go:1475.28,1479.3 1 1
github.com/MikeAustin71/stringopsgo/strops/v2/strops.go:1481.23,1484.3 1 1
github.com/MikeAustin71/stringopsgo/strops/v2/strops.go:1488.21,1490.31 1 1
github.com/MikeAustin71/stringopsgo/strops/v2/strops.go:1494.3,1494.11 1 1
github.com/MikeAustin71/stringopsgo/strops/v2/strops.go:1490.31,1492.4 1 1
github.com/MikeAustin71/stringopsgo/strops/v2/strops.go:1514.87,1520.23 3 1
github.com/MikeAustin71/stringopsgo/strops/v2/strops.go:1525.2,1525.18 1 1
github.com/MikeAustin71/stringopsgo/strops/v2/strops.go:1530.2,1530.16 1 1
github.com/MikeAustin71/stringopsgo/strops/v2/strops.go:1535.2,1535.28 1 1
github.com/MikeAustin71/stringopsgo/strops/v2/strops.go:1541.2,1541.23 1 1
github.com/MikeAustin71/stringopsgo/strops/v2/strops.go:1546.2,1546.25 1 1
github.com/MikeAustin71/stringopsgo/strops/v2/strops.go:1555.2,1555.16 1 1
github.com/MikeAustin71/stringopsgo/strops/v2/strops.go:1520.23,1523.3 1 1
github.com/MikeAustin71/stringopsgo/strops/v2/strops.go:1525.18,1528.3 1 1
github.com/MikeAustin71/stringopsgo/strops/v2/strops.go:1530.16,1533.3 1 1
github.com/MikeAustin71/stringopsgo/strops/v2/strops.go:1535.28,1539.3 1 1
github.com/MikeAustin71/stringopsgo/strops/v2/strops.go:1541.23,1544.3 1 1
github.com/MikeAustin71/stringopsgo/strops/v2/strops.go:1546.25,1548.31 1 1
github.com/MikeAustin71/stringopsgo/strops/v2/strops.go:1552.3,1552.11 1 1
github.com/MikeAustin71/stringopsgo/strops/v2/strops.go:1548.31,1550.4 1 1
github.com/MikeAustin71/stringopsgo/strops/v2/strops.go:1651.13,1661.23 7 1
github.com/MikeAustin71/stringopsgo/strops/v2/strops.go:1671.2,1671.20 1 1
github.com/MikeAustin71/stringopsgo/strops/v2/strops.go:1683.2,1683.18 1 1
github.com/MikeAustin71/stringopsgo/strops/v2/strops.go:1694.2,1694.30 1 1
github.com/MikeAustin71/stringopsgo/strops/v2/strops.go:1709.2,1709.27 1 1
github.com/MikeAustin71/stringopsgo/strops/v2/strops.go:1721.2,1731.28 7 1
github.com/MikeAustin71/stringopsgo/strops/v2/strops.go:1753.2,1753.24 1 1
github.com/MikeAustin71/stringopsgo/strops/v2/strops.go:1780.2,1780.17 1 1
github.com/MikeAustin71/stringopsgo/strops/v2/strops.go:1792.2,1792.18 1 1
github.com/MikeAustin71/stringopsgo/strops/v2/strops.go:1804.2,1810.6 2 1
github.com/MikeAustin71/stringopsgo/strops/v2/strops.go:1661.23,1669.3 2 1
github.com/MikeAustin71/stringopsgo/strops/v2/strops.go:1671.20,1681.3 2 1
github.com/MikeAustin71/stringopsgo/strops/v2/strops.go:1683.18,1692.3 2 1
github.com/MikeAustin71/stringopsgo/strops/v2/strops.go:1694.30,1707.3 2 1
github.com/MikeAustin71/stringopsgo/strops/v2/strops.go:1709.27,1719.3 2 1
github.com/MikeAustin71/stringopsgo/strops/v2/strops.go:1731.28,1736.35 3 1
github.com/MikeAustin71/stringopsgo/strops/v2/strops.go:1744.3,1750.7 2 1
github.com/MikeAustin71/stringopsgo/strops/v2/strops.go:1736.35,1739.4 2 0
github.com/MikeAustin71/stringopsgo/strops/v2/strops.go:1739.9,1742.4 2 1
github.com/MikeAustin71/stringopsgo/strops/v2/strops.go:1753.24,1755.28 1 1
github.com/MikeAustin71/stringopsgo/strops/v2/strops.go:1761.3,1762.26 1 1
github.com/MikeAustin71/stringopsgo/strops/v2/strops.go:1770.3,1771.26 1 1
github.com/MikeAustin71/stringopsgo/strops/v2/strops.go:1777.3,1777.8 1 1
github.com/MikeAustin71/stringopsgo/strops/v2/strops.go:1755.28,1757.4 1 1
github.com/MikeAustin71/stringopsgo/strops/v2/strops.go:1757.9,1759.4 1 1
github.com/MikeAustin71/stringopsgo/strops/v2/strops.go:1762.26,1767.12 4 1
github.com/MikeAustin71/stringopsgo/strops/v2/strops.go:1771.26,1774.9 2 1
github.com/MikeAustin71/stringopsgo/strops/v2/strops.go:1780.17,1790.3 5 1
github.com/MikeAustin71/stringopsgo/strops/v2/strops.go:1792.18,1802.3 5 1
github.com/MikeAustin71/stringopsgo/strops/v2/strops.go:1824.73,1830.2 2 1
github.com/MikeAustin71/stringopsgo/strops/v2/strops.go:1834.43,1841.2 5 1
github.com/MikeAustin71/stringopsgo/strops/v2/strops.go:1844.48,1846.2 1 0
github.com/MikeAustin71/stringopsgo/strops/v2/strops.go:1850.44,1860.2 7 1
github.com/MikeAustin71/stringopsgo/strops/v2/strops.go:1894.82,1902.25 4 1
github.com/MikeAustin71/stringopsgo/strops/v2/strops.go:1907.2,1909.24 2 1
github.com/MikeAustin71/stringopsgo/strops/v2/strops.go:1914.2,1914.38 1 1
github.com/MikeAustin71/stringopsgo/strops/v2/strops.go:1925.2,1925.20 1 1
github.com/MikeAustin71/stringopsgo/strops/v2/strops.go:1902.25,1905.3 1 1
github.com/MikeAustin71/stringopsgo/strops/v2/strops.go:1909.24,1912.3 1 1
github.com/MikeAustin71/stringopsgo/strops/v2/strops.go:1914.38,1916.38 1 1
github.com/MikeAustin71/stringopsgo/strops/v2/strops.go:1916.38,1917.39 1 1
github.com/MikeAustin71/stringopsgo/strops/v2/strops.go:1917.39,1919.10 2 1
github.com/MikeAustin71/stringopsgo/strops/v2/strops.go:1960.89,1968.25 4 1
github.com/MikeAustin71/stringopsgo/strops/v2/strops.go:1973.2,1975.24 2 1
github.com/MikeAustin71/stringopsgo/strops/v2/strops.go:1980.2,1980.38 1 1
github.com/MikeAustin71/stringopsgo/strops/v2/strops.go:1991.2,1991.20 1 1
github.com/MikeAustin71/stringopsgo/strops/v2/strops.go:1968.25,1971.3 1 1
github.com/MikeAustin71/stringopsgo/strops/v2/strops.go:1975.24,1978.3 1 1
github.com/MikeAustin71/stringopsgo/strops/v2/strops.go:1980.38,1982.38 1 1
github.com/MikeAustin71/stringopsgo/strops/v2/strops.go:1982.38,1983.39 1 1
github.com/MikeAustin71/stringopsgo/strops/v2/strops.go:1983.39,1985.10 2 1
github.com/MikeAustin71/stringopsgo/strops/v2/strops.go:2025.88,2029.25 2 1
github.com/MikeAustin71/stringopsgo/strops/v2/strops.go:2034.2,2034.26 1 1
github.com/MikeAustin71/stringopsgo/strops/v2/strops.go:2039.2,2041.16 2 1
github.com/MikeAustin71/stringopsgo/strops/v2/strops.go:2048.2,2048.32 1 1
github.com/MikeAustin71/stringopsgo/strops/v2/strops.go:2029.25,2032.3 1 1
github.com/MikeAustin71/stringopsgo/strops/v2/strops.go:2034.26,2037.3 1 1
github.com/MikeAustin71/stringopsgo/strops/v2/strops.go:2041.16,2046.3 1 0
github.com/MikeAustin71/stringopsgo/strops/v2/strops.go:2055.63,2059.33 2 1
github.com/MikeAustin71/stringopsgo/strops/v2/strops.go:2065.2,2065.13 1 1
github.com/MikeAustin71/stringopsgo/strops/v2/strops.go:2059.33,2060.26 1 1
github.com/MikeAustin71/stringopsgo/strops/v2/strops.go:2060.26,2062.4 1 1
github.com/MikeAustin71/stringopsgo/strops/v2/strops.go:2070.60,2072.19 1 1
github.com/MikeAustin71/stringopsgo/strops/v2/strops.go:2076.2,2078.36 2 1
github.com/MikeAustin71/stringopsgo/strops/v2/strops.go:2101.2,2101.24 1 1
github.com/MikeAustin71/stringopsgo/strops/v2/strops.go:2072.19,2074.3 1 1
github.com/MikeAustin71/stringopsgo/strops/v2/strops.go:2078.36,2080.24 1 1
github.com/MikeAustin71/stringopsgo/strops/v2/strops.go:2084.3,2086.22 1 1
github.com/MikeAustin71/stringopsgo/strops/v2/strops.go:2080.24,2081.12 1 1
github.com/MikeAustin71/stringopsgo/strops/v2/strops.go:2086.22,2090.9 2 1
github.com/MikeAustin71/stringopsgo/strops/v2/strops.go:2092.9,2094.22 1 1
github.com/MikeAustin71/stringopsgo/strops/v2/strops.go:2094.22,2096.9 1 1
github.com/MikeAustin71/stringopsgo/strops/v2/strops.go:2108.84,2112.16 2 1
github.com/MikeAustin71/stringopsgo/strops/v2/strops.go:2118.2,2118.19 1 1
github.com/MikeAustin71/stringopsgo/strops/v2/strops.go:2124.2,2127.30 3 1
github.com/MikeAustin71/stringopsgo/strops/v2/strops.go:2139.2,2139.24 1 1
github.com/MikeAustin71/stringopsgo/strops/v2/strops.go:2112.16,2116.3 1 1
github.com/MikeAustin71/stringopsgo/strops/v2/strops.go:2118.19,2122.3 1 1
github.com/MikeAustin71/stringopsgo/strops/v2/strops.go:2127.30,2131.17 2 1
github.com/MikeAustin71/stringopsgo/strops/v2/strops.go:2131.17,2136.4 1 0
github.com/MikeAustin71/stringopsgo/strops/v2/strops.go:2145.37,2150.2 2 1
github.com/MikeAustin71/stringopsgo/strops/v2/strops.go:2162.55,2171.12 5 1
github.com/MikeAustin71/stringopsgo/strops/v2/strops.go:2178.2,2187.24 5 1
github.com/MikeAustin71/stringopsgo/strops/v2/strops.go:2194.2,2200.38 4 1
github.com/MikeAustin71/stringopsgo/strops/v2/strops.go:2208.2,2210.55 2 1
github.com/MikeAustin71/stringopsgo/strops/v2/strops.go:2215.2,2219.26 3 1
github.com/MikeAustin71/stringopsgo/strops/v2/strops.go:2225.2,2227.15 2 1
github.com/MikeAustin71/stringopsgo/strops/v2/strops.go:2171.12,2176.3 4 1
github.com/MikeAustin71/stringopsgo/strops/v2/strops.go:2187.24,2192.3 4 0
github.com/MikeAustin71/stringopsgo/strops/v2/strops.go:2200.38,2203.3 2 1
github.com/MikeAustin71/stringopsgo/strops/v2/strops.go:2203.8,2206.3 2 1
github.com/MikeAustin71/stringopsgo/strops/v2/strops.go:2210.55,2213.3 2 1
github.com/MikeAustin71/stringopsgo/strops/v2/strops.go:2219.26,2221.3 1 1
github.com/MikeAustin71/stringopsgo/strops/v2/strops.go:2221.8,2223.3 1 1
github.com/MikeAustin71/stringopsgo/strops/v2/strops.go:2264.56,2271.15 4 1
github.com/MikeAustin71/stringopsgo/strops/v2/strops.go:2275.2,2275.38 1 1
github.com/MikeAustin71/stringopsgo/strops/v2/strops.go:2279.2,2283.35 3 1
github.com/MikeAustin71/stringopsgo/strops/v2/strops.go:2321.2,2323.35 2 1
github.com/MikeAustin71/stringopsgo/strops/v2/strops.go:2271.15,2273.3 1 1
github.com/MikeAustin71/stringopsgo/strops/v2/strops.go:2275.38,2277.3 1 1
github.com/MikeAustin71/stringopsgo/strops/v2/strops.go:2283.35,2287.21 1 1
github.com/MikeAustin71/stringopsgo/strops/v2/strops.go:2318.3,2318.44 1 1
github.com/MikeAustin71/stringopsgo/strops/v2/strops.go:2287.21,2289.18 1 1
github.com/MikeAustin71/stringopsgo/strops/v2/strops.go:2315.4,2315.9 1 1
github.com/MikeAustin71/stringopsgo/strops/v2/strops.go:2289.18,2293.34 2 1
github.com/MikeAustin71/stringopsgo/strops/v2/strops.go:2303.5,2303.18 1 1
github.com/MikeAustin71/stringopsgo/strops/v2/strops.go:2309.5,2309.10 1 1
github.com/MikeAustin71/stringopsgo/strops/v2/strops.go:2293.34,2296.24 1 1
github.com/MikeAustin71/stringopsgo/strops/v2/strops.go:2296.24,2297.15 1 1
github.com/MikeAustin71/stringopsgo/strops/v2/strops.go:2298.12,2299.12 1 1
github.com/MikeAustin71/stringopsgo/strops/v2/strops.go:2303.18,2305.6 1 1
github.com/MikeAustin71/stringopsgo/strops/v2/strops.go:2305.11,2307.6 1 1
github.com/MikeAustin71/stringopsgo/strops/v2/strops.go:2311.10,2313.5 1 1
github.com/MikeAustin71/stringopsgo/strops/v2/strops.go:2358.96,2366.20 4 1
github.com/MikeAustin71/stringopsgo/strops/v2/strops.go:2371.2,2373.25 2 1
github.com/MikeAustin71/stringopsgo/strops/v2/strops.go:2378.2,2378.38 1 1
github.com/MikeAustin71/stringopsgo/strops/v2/strops.go:2389.2,2389.33 1 1
github.com/MikeAustin71/stringopsgo/strops/v2/strops.go:2412.2,2412.20 1 1
github.com/MikeAustin71/stringopsgo/strops/v2/strops.go:2366.20,2369.3 1 1
github.com/MikeAustin71/stringopsgo/strops/v2/strops.go:2373.25,2376.3 1 1
github.com/MikeAustin71/stringopsgo/strops/v2/strops.go:2378.38,2380.35 1 1
github.com/MikeAustin71/stringopsgo/strops/v2/strops.go:2380.35,2385.4 1 1
github.com/MikeAustin71/stringopsgo/strops/v2/strops.go:2389.33,2393.39 2 1
github.com/MikeAustin71/stringopsgo/strops/v2/strops.go:2406.3,2406.24 1 1
github.com/MikeAustin71/stringopsgo/strops/v2/strops.go:2393.39,2395.48 1 1
github.com/MikeAustin71/stringopsgo/strops/v2/strops.go:2395.48,2397.36 1 1
github.com/MikeAustin71/stringopsgo/strops/v2/strops.go:2401.5,2402.10 2 1
github.com/MikeAustin71/stringopsgo/strops/v2/strops.go:2397.36,2399.6 1 1
github.com/MikeAustin71/stringopsgo/strops/v2/strops.go:2406.24,2408.4 1 1
github.com/MikeAustin71/stringopsgo/strops/v2/strops.go:2424.99,2428.21 2 1
github.com/MikeAustin71/stringopsgo/strops/v2/strops.go:2433.2,2433.28 1 1
github.com/MikeAustin71/stringopsgo/strops/v2/strops.go:2439.2,2441.39 2 1
github.com/MikeAustin71/stringopsgo/strops/v2/strops.go:2454.2,2454.23 1 1
github.com/MikeAustin71/stringopsgo/strops/v2/strops.go:2428.21,2431.3 1 1
github.com/MikeAustin71/stringopsgo/strops/v2/strops.go:2433.28,2437.3 1 1
github.com/MikeAustin71/stringopsgo/strops/v2/strops.go:2441.39,2443.20 1 1
github.com/MikeAustin71/stringopsgo/strops/v2/strops.go:2450.3,2450.91 1 1
github.com/MikeAustin71/stringopsgo/strops/v2/strops.go:2443.20,2448.4 1 0
github.com/MikeAustin71/stringopsgo/strops/v2/strops.go:2461.81,2464.2 1 1
github.com/MikeAustin71/stringopsgo/strops/v2/strops.go:2497.96,2505.20 4 1
github.com/MikeAustin71/stringopsgo/strops/v2/strops.go:2510.2,2512.25 2 1
github.com/MikeAustin71/stringopsgo/strops/v2/strops.go:2517.2,2517.38 1 1
github.com/MikeAustin71/stringopsgo/strops/v2/strops.go:2528.2,2528.33 1 1
github.com/MikeAustin71/stringopsgo/strops/v2/strops.go:2551.2,2551.20 1 1
github.com/MikeAustin71/stringopsgo/strops/v2/strops.go:2505.20,2508.3 1 1
github.com/MikeAustin71/stringopsgo/strops/v2/strops.go:2512.25,2515.3 1 1
github.com/MikeAustin71/stringopsgo/strops/v2/strops.go:2517.38,2519.35 1 1
github.com/MikeAustin71/stringopsgo/strops/v2/strops.go:2519.35,2524.4 1 1
github.com/MikeAustin71/stringopsgo/strops/v2/strops.go:2528.33,2532.39 2 1
github.com/MikeAustin71/stringopsgo/strops/v2/strops.go:2545.3,2545.24 1 1
github.com/MikeAustin71/stringopsgo/strops/v2/strops.go:2532.39,2534.48 1 1
github.com/MikeAustin71/stringopsgo/strops/v2/strops.go:2534.48,2536.36 1 1
github.com/MikeAustin71/stringopsgo/strops/v2/strops.go:2540.5,2541.10 2 1
github.com/MikeAustin71/stringopsgo/strops/v2/strops.go:2536.36,2538.6 1 1
github.com/MikeAustin71/stringopsgo/strops/v2/strops.go:2545.24,2547.4 1 1
github.com/MikeAustin71/stringopsgo/strops/v2/strops.go:2587.45,2591.25 2 1
github.com/MikeAustin71/stringopsgo/strops/v2/strops.go:2596.2,2596.32 1 1
github.com/MikeAustin71/stringopsgo/strops/v2/strops.go:2601.2,2603.16 2 1
github.com/MikeAustin71/stringopsgo/strops/v2/strops.go:2609.2,2609.31 1 1
github.com/MikeAustin71/stringopsgo/strops/v2/strops.go:2591.25,2594.3 1 1
github.com/MikeAustin71/stringopsgo/strops/v2/strops.go:2596.32,2599.3 1 1
github.com/MikeAustin71/stringopsgo/strops/v2/strops.go:2603.16,2607.3 1 1
github.com/MikeAustin71/stringopsgo/strops/v2/strops.go:2616.47,2622.2 5 1
github.com/MikeAustin71/stringopsgo/strops/v2/strops.go:2646.89,2650.43 2 1
github.com/MikeAustin71/stringopsgo/strops/v2/strops.go:2656.2,2656.33 1 1
github.com/MikeAustin71/stringopsgo/strops/v2/strops.go:2665.2,2667.16 2 1
github.com/MikeAustin71/stringopsgo/strops/v2/strops.go:2674.2,2674.31 1 1
github.com/MikeAustin71/stringopsgo/strops/v2/strops.go:2650.43,2654.3 1 1
github.com/MikeAustin71/stringopsgo/strops/v2/strops.go:2656.33,2663.3 1 1
github.com/MikeAustin71/stringopsgo/strops/v2/strops.go:2667.16,2672.3 1 0
github.com/MikeAustin71/stringopsgo/strops/v2/strops.go:2683.85,2687.43 2 1
github.com/MikeAustin71/stringopsgo/strops/v2/strops.go:2693.2,2695.21 2 1
github.com/MikeAustin71/stringopsgo/strops/v2/strops.go:2702.2,2702.22 1 1
github.com/MikeAustin71/stringopsgo/strops/v2/strops.go:2706.2,2714.21 5 1
github.com/MikeAustin71/stringopsgo/strops/v2/strops.go:2718.2,2718.52 1 1
github.com/MikeAustin71/stringopsgo/strops/v2/strops.go:2687.43,2691.3 1 0
github.com/MikeAustin71/stringopsgo/strops/v2/strops.go:2695.21,2700.3 1 0
github.com/MikeAustin71/stringopsgo/strops/v2/strops.go:2702.22,2704.3 1 0
github.com/MikeAustin71/stringopsgo/strops/v2/strops.go:2714.21,2716.3 1 1
github.com/MikeAustin71/stringopsgo/strops/v2/strops.go:2724.56,2726.2 1 1
github.com/MikeAustin71/stringopsgo/strops/v2/strops.go:2731.56,2733.2 1 1
github.com/MikeAustin71/stringopsgo/strops/v2/strops.go:2744.51,2749.17 3 1
github.com/MikeAustin71/stringopsgo/strops/v2/strops.go:2753.2,2755.22 2 1
github.com/MikeAustin71/stringopsgo/strops/v2/strops.go:2759.2,2764.6 4 1
github.com/MikeAustin71/stringopsgo/strops/v2/strops.go:2807.2,2807.25 1 1
github.com/MikeAustin71/stringopsgo/strops/v2/strops.go:2749.17,2751.3 1 1
github.com/MikeAustin71/stringopsgo/strops/v2/strops.go:2755.22,2757.3 1 1
github.com/MikeAustin71/stringopsgo/strops/v2/strops.go:2764.6,2768.36 2 1
github.com/MikeAustin71/stringopsgo/strops/v2/strops.go:2800.3,2800.51 1 1
github.com/MikeAustin71/stringopsgo/strops/v2/strops.go:2768.36,2770.8 1 1
github.com/MikeAustin71/stringopsgo/strops/v2/strops.go:2793.4,2795.19 2 1
github.com/MikeAustin71/stringopsgo/strops/v2/strops.go:2770.8,2774.25 2 1
github.com/MikeAustin71/stringopsgo/strops/v2/strops.go:2778.5,2782.34 4 1
github.com/MikeAustin71/stringopsgo/strops/v2/strops.go:2790.5,2790.32 1 1
github.com/MikeAustin71/stringopsgo/strops/v2/strops.go:2774.25,2775.11 1 1
github.com/MikeAustin71/stringopsgo/strops/v2/strops.go:2782.34,2785.6 1 0
github.com/MikeAustin71/stringopsgo/strops/v2/strops.go:2785.11,2788.6 1 1
github.com/MikeAustin71/stringopsgo/strops/v2/strops.go:2795.19,2796.14 1 0
github.com/MikeAustin71/stringopsgo/strops/v2/strops.go:2800.51,2801.13 1 1
github.com/MikeAustin71/stringopsgo/strops/v2/strops.go:2819.51,2826.22 4 1
github.com/MikeAustin71/stringopsgo/strops/v2/strops.go:2830.2,2830.17 1 1
github.com/MikeAustin71/stringopsgo/strops/v2/strops.go:2834.2,2839.6 4 1
github.com/MikeAustin71/stringopsgo/strops/v2/strops.go:2870.2,2870.25 1 1
github.com/MikeAustin71/stringopsgo/strops/v2/strops.go:2826.22,2828.3 1 1
github.com/MikeAustin71/stringopsgo/strops/v2/strops.go:2830.17,2832.3 1 1
github.com/MikeAustin71/stringopsgo/strops/v2/strops.go:2839.6,2843.36 2 1
github.com/MikeAustin71/stringopsgo/strops/v2/strops.go:2863.3,2863.51 1 1
github.com/MikeAustin71/stringopsgo/strops/v2/strops.go:2843.36,2845.8 1 1
github.com/MikeAustin71/stringopsgo/strops/v2/strops.go:2856.4,2858.19 2 1
github.com/MikeAustin71/stringopsgo/strops/v2/strops.go:2845.8,2847.50 1 1
github.com/MikeAustin71/stringopsgo/strops/v2/strops.go:2851.5,2853.32 2 1
github.com/MikeAustin71/stringopsgo/strops/v2/strops.go:2847.50,2848.11 1 1
github.com/MikeAustin71/stringopsgo/strops/v2/strops.go:2858.19,2859.14 1 0
github.com/MikeAustin71/stringopsgo/strops/v2/strops.go:2863.51,2864.13 1 1
github.com/MikeAustin71/stringopsgo/strops/v2/strops.go:2884.51,2891.22 4 1
github.com/MikeAustin71/stringopsgo/strops/v2/strops.go:2895.2,2895.17 1 1
github.com/MikeAustin71/stringopsgo/strops/v2/strops.go:2899.2,2902.6 3 1
github.com/MikeAustin71/stringopsgo/strops/v2/strops.go:2941.2,2941.25 1 1
github.com/MikeAustin71/stringopsgo/strops/v2/strops.go:2891.22,2893.3 1 1
github.com/MikeAustin71/stringopsgo/strops/v2/strops.go:2895.17,2897.3 1 1
github.com/MikeAustin71/stringopsgo/strops/v2/strops.go:2902.6,2906.36 2 1
github.com/MikeAustin71/stringopsgo/strops/v2/strops.go:2927.3,2929.18 2 1
github.com/MikeAustin71/stringopsgo/strops/v2/strops.go:2933.3,2933.51 1 1
github.com/MikeAustin71/stringopsgo/strops/v2/strops.go:2906.36,2908.8 1 1
github.com/MikeAustin71/stringopsgo/strops/v2/strops.go:2922.4,2922.26 1 1
github.com/MikeAustin71/stringopsgo/strops/v2/strops.go:2908.8,2910.50 1 1
github.com/MikeAustin71/stringopsgo/strops/v2/strops.go:2914.5,2918.32 3 1
github.com/MikeAustin71/stringopsgo/strops/v2/strops.go:2910.50,2911.11 1 1
github.com/MikeAustin71/stringopsgo/strops/v2/strops.go:2922.26,2923.14 1 0
github.com/MikeAustin71/stringopsgo/strops/v2/strops.go:2929.18,2930.13 1 0
github.com/MikeAustin71/stringopsgo/strops/v2/strops.go:2933.51,2934.13 1 1
github.com/MikeAustin71/stringopsgo/strops/v2/strops.go:2958.86,2962.44 2 1
github.com/MikeAustin71/stringopsgo/strops/v2/strops.go:2968.2,2970.24 2 1
github.com/MikeAustin71/stringopsgo/strops/v2/strops.go:2974.2,2974.23 1 1
github.com/MikeAustin71/stringopsgo/strops/v2/strops.go:2981.2,2985.40 3 1
github.com/MikeAustin71/stringopsgo/strops/v2/strops.go:2962.44,2966.3 1 1
github.com/MikeAustin71/stringopsgo/strops/v2/strops.go:2970.24,2972.3 1 1
github.com/MikeAustin71/stringopsgo/strops/v2/strops.go:2974.23,2979.3 1 1
github.com/MikeAustin71/stringopsgo/strops/v2/strops.go:3000.89,3004.43 2 1
github.com/MikeAustin71/stringopsgo/strops/v2/strops.go:3010.2,3012.21 2 1
github.com/MikeAustin71/stringopsgo/strops/v2/strops.go:3019.2,3019.22 1 1
github.com/MikeAustin71/stringopsgo/strops/v2/strops.go:3023.2,3025.41 2 1
github.com/MikeAustin71/stringopsgo/strops/v2/strops.go:3004.43,3008.3 1 0
github.com/MikeAustin71/stringopsgo/strops/v2/strops.go:3012.21,3017.3 1 0
github.com/MikeAustin71/stringopsgo/strops/v2/strops.go:3019.22,3021.3 1 0
github.com/MikeAustin71/stringopsgo/strops/v2/strops.go:3038.87,3042.44 2 1
github.com/MikeAustin71/stringopsgo/strops/v2/strops.go:3048.2,3050.24 2 1
github.com/MikeAustin71/stringopsgo/strops/v2/strops.go:3054.2,3054.23 1 1
github.com/MikeAustin71/stringopsgo/strops/v2/strops.go:3063.2,3067.39 3 1
github.com/MikeAustin71/stringopsgo/strops/v2/strops.go:3042.44,3046.3 1 1
github.com/MikeAustin71/stringopsgo/strops/v2/strops.go:3050.24,3052.3 1 1
github.com/MikeAustin71/stringopsgo/strops/v2/strops.go:3054.23,3060.3 1 1
github.com/MikeAustin71/stringopsgo/strops/v2/strops.go:3073.91,3075.21 1 1
github.com/MikeAustin71/stringopsgo/strops/v2/strops.go:3079.2,3083.29 3 1
github.com/MikeAustin71/stringopsgo/strops/v2/strops.go:3089.2,3089.26 1 1
github.com/MikeAustin71/stringopsgo/strops/v2/strops.go:3075.21,3077.3 1 0
github.com/MikeAustin71/stringopsgo/strops/v2/strops.go:3083.29,3084.25 1 1
github.com/MikeAustin71/stringopsgo/strops/v2/strops.go:3084.25,3086.4 1 1
github.com/MikeAustin71/stringopsgo/strops/v2/strops.go:3106.42,3113.21 4 1
github.com/MikeAustin71/stringopsgo/strops/v2/strops.go:3118.2,3118.19 1 1
github.com/MikeAustin71/stringopsgo/strops/v2/strops.go:3123.2,3130.37 7 1
github.com/MikeAustin71/stringopsgo/strops/v2/strops.go:3149.2,3149.25 1 1
github.com/MikeAustin71/stringopsgo/strops/v2/strops.go:3153.2,3153.32 1 1
github.com/MikeAustin71/stringopsgo/strops/v2/strops.go:3157.2,3160.18 3 1
github.com/MikeAustin71/stringopsgo/strops/v2/strops.go:3113.21,3116.3 2 0
github.com/MikeAustin71/stringopsgo/strops/v2/strops.go:3118.19,3121.3 2 0
github.com/MikeAustin71/stringopsgo/strops/v2/strops.go:3130.37,3132.45 1 1
github.com/MikeAustin71/stringopsgo/strops/v2/strops.go:3136.3,3136.60 1 1
github.com/MikeAustin71/stringopsgo/strops/v2/strops.go:3140.3,3140.36 1 1
github.com/MikeAustin71/stringopsgo/strops/v2/strops.go:3144.3,3146.8 3 1
github.com/MikeAustin71/stringopsgo/strops/v2/strops.go:3132.45,3133.12 1 1
github.com/MikeAustin71/stringopsgo/strops/v2/strops.go:3136.60,3137.12 1 1
github.com/MikeAustin71/stringopsgo/strops/v2/strops.go:3140.36,3141.12 1 1
github.com/MikeAustin71/stringopsgo/strops/v2/strops.go:3149.25,3151.3 1 1
github.com/MikeAustin71/stringopsgo/strops/v2/strops.go:3153.32,3155.3 1 0
github.com/MikeAustin71/stringopsgo/strops/v2/strops.go:3169.42,3177.23 5 1
github.com/MikeAustin71/stringopsgo/strops/v2/strops.go:3182.2,3182.19 1 1
github.com/MikeAustin71/stringopsgo/strops/v2/strops.go:3187.2,3190.21 3 1
github.com/MikeAustin71/stringopsgo/strops/v2/strops.go:3204.2,3204.30 1 1
github.com/MikeAustin71/stringopsgo/strops/v2/strops.go:3211.2,3214.21 3 1
github.com/MikeAustin71/stringopsgo/strops/v2/strops.go:3223.2,3223.17 1 1
github.com/MikeAustin71/stringopsgo/strops/v2/strops.go:3228.2,3231.18 3 1
github.com/MikeAustin71/stringopsgo/strops/v2/strops.go:3177.23,3180.3 2 1
github.com/MikeAustin71/stringopsgo/strops/v2/strops.go:3182.19,3185.3 2 1
github.com/MikeAustin71/stringopsgo/strops/v2/strops.go:3190.21,3192.44 1 1
github.com/MikeAustin71/stringopsgo/strops/v2/strops.go:3198.3,3198.31 1 1
github.com/MikeAustin71/stringopsgo/strops/v2/strops.go:3192.44,3194.4 1 1
github.com/MikeAustin71/stringopsgo/strops/v2/strops.go:3194.9,3196.4 1 1
github.com/MikeAustin71/stringopsgo/strops/v2/strops.go:3198.31,3201.4 2 1
github.com/MikeAustin71/stringopsgo/strops/v2/strops.go:3204.30,3209.3 2 0
github.com/MikeAustin71/stringopsgo/strops/v2/strops.go:3214.21,3216.43 1 1
github.com/MikeAustin71/stringopsgo/strops/v2/strops.go:3216.43,3218.4 1 1
github.com/MikeAustin71/stringopsgo/strops/v2/strops.go:3218.9,3220.4 1 1
github.com/MikeAustin71/stringopsgo/strops/v2/strops.go:3223.17,3226.3 2 0
github.com/MikeAustin71/stringopsgo/strops/v2/strops.go:3237.60,3239.19 1 1
github.com/MikeAustin71/stringopsgo/strops/v2/strops.go:3243.2,3245.37 2 1
github.com/MikeAustin71/stringopsgo/strops/v2/strops.go:3265.2,3265.25 1 1
github.com/MikeAustin71/stringopsgo/strops/v2/strops.go:3239.19,3241.3 1 1
github.com/MikeAustin71/stringopsgo/strops/v2/strops.go:3245.37,3248.25 1 1
github.com/MikeAustin71/stringopsgo/strops/v2/strops.go:3254.3,3254.47 1 1
github.com/MikeAustin71/stringopsgo/strops/v2/strops.go:3248.25,3249.12 1 1
github.com/MikeAustin71/stringopsgo/strops/v2/strops.go:3254.47,3257.9 2 1
github.com/MikeAustin71/stringopsgo/strops/v2/strops.go:3259.9,3259.54 1 1
github.com/MikeAustin71/stringopsgo/strops/v2/strops.go:3259.54,3260.9 1 1
github.com/MikeAustin71/stringopsgo/strops/v2/strops.go:3279.56,3287.31 5 1
github.com/MikeAustin71/stringopsgo/strops/v2/strops.go:3291.2,3293.12 2 1
github.com/MikeAustin71/stringopsgo/strops/v2/strops.go:3304.2,3312.25 6 1
github.com/MikeAustin71/stringopsgo/strops/v2/strops.go:3323.2,3329.17 4 1
github.com/MikeAustin71/stringopsgo/strops/v2/strops.go:3335.2,3337.15 2 1
github.com/MikeAustin71/stringopsgo/strops/v2/strops.go:3287.31,3289.3 1 1
github.com/MikeAustin71/stringopsgo/strops/v2/strops.go:3293.12,3302.3 4 1
github.com/MikeAustin71/stringopsgo/strops/v2/strops.go:3312.25,3314.16 1 1
github.com/MikeAustin71/stringopsgo/strops/v2/strops.go:3319.3,3320.8 2 1
github.com/MikeAustin71/stringopsgo/strops/v2/strops.go:3314.16,3316.9 2 1
github.com/MikeAustin71/stringopsgo/strops/v2/strops.go:3329.17,3331.3 1 1
github.com/MikeAustin71/stringopsgo/strops/v2/strops.go:3331.8,3333.3 1 1
github.com/MikeAustin71/stringopsgo/strops/v2/stropsenum.go:70.97,72.2 1 1
github.com/MikeAustin71/stringopsgo/strops/v2/stropsenum.go:76.100,78.2 1 1
github.com/MikeAustin71/stringopsgo/strops/v2/stropsenum.go:82.97,84.2 1 1
github.com/MikeAustin71/stringopsgo/strops/v2/stropsenum.go:89.99,91.2 1 1
github.com/MikeAustin71/stringopsgo/strops/v2/stropsenum.go:96.101,98.2 1 1
github.com/MikeAustin71/stringopsgo/strops/v2/stropsenum.go:160.62,166.42 3 1
github.com/MikeAustin71/stringopsgo/strops/v2/stropsenum.go:171.2,171.21 1 1
github.com/MikeAustin71/stringopsgo/strops/v2/stropsenum.go:178.2,182.19 3 1
github.com/MikeAustin71/stringopsgo/strops/v2/stropsenum.go:204.2,204.25 1 1
github.com/MikeAustin71/stringopsgo/strops/v2/stropsenum.go:166.42,169.3 2 1
github.com/MikeAustin71/stringopsgo/strops/v2/stropsenum.go:171.21,176.3 1 1
github.com/MikeAustin71/stringopsgo/strops/v2/stropsenum.go:182.19,186.10 2 1
github.com/MikeAustin71/stringopsgo/strops/v2/stropsenum.go:186.10,189.4 1 1
github.com/MikeAustin71/stringopsgo/strops/v2/stropsenum.go:191.8,197.10 3 1
github.com/MikeAustin71/stringopsgo/strops/v2/stropsenum.go:197.10,200.4 1 1
github.com/MikeAustin71/stringopsgo/strops/v2/stropsenum.go:216.78,220.9 2 1
github.com/MikeAustin71/stringopsgo/strops/v2/stropsenum.go:227.2,227.12 1 1
github.com/MikeAustin71/stringopsgo/strops/v2/stropsenum.go:220.9,225.3 2 1
github.com/MikeAustin71/stringopsgo/strops/v2/stropsenum.go:252.72,256.9 2 1
github.com/MikeAustin71/stringopsgo/strops/v2/stropsenum.go:260.2,260.14 1 1
github.com/MikeAustin71/stringopsgo/strops/v2/stropsenum.go:256.9,258.3 1 1
github.com/MikeAustin71/stringopsgo/strops/v2/stropsenum.go:266.68,269.2 1 1
