mode: set
github.com/MikeAustin71/stringopsgo/strops/v3/stropsnanobot.go:40.9,42.29 1 1
github.com/MikeAustin71/stringopsgo/strops/v3/stropsnanobot.go:46.2,50.22 3 1
github.com/MikeAustin71/stringopsgo/strops/v3/stropsnanobot.go:54.2,58.48 3 1
github.com/MikeAustin71/stringopsgo/strops/v3/stropsnanobot.go:65.2,65.33 1 1
github.com/MikeAustin71/stringopsgo/strops/v3/stropsnanobot.go:75.2,82.16 3 1
github.com/MikeAustin71/stringopsgo/strops/v3/stropsnanobot.go:90.2,90.31 1 1
github.com/MikeAustin71/stringopsgo/strops/v3/stropsnanobot.go:42.29,44.3 1 1
github.com/MikeAustin71/stringopsgo/strops/v3/stropsnanobot.go:50.22,52.3 1 1
github.com/MikeAustin71/stringopsgo/strops/v3/stropsnanobot.go:58.48,63.3 1 1
github.com/MikeAustin71/stringopsgo/strops/v3/stropsnanobot.go:65.33,73.3 1 1
github.com/MikeAustin71/stringopsgo/strops/v3/stropsnanobot.go:82.16,88.3 1 0
github.com/MikeAustin71/stringopsgo/strops/v3/stropsnanobot.go:216.13,218.29 1 1
github.com/MikeAustin71/stringopsgo/strops/v3/stropsnanobot.go:222.2,226.22 3 1
github.com/MikeAustin71/stringopsgo/strops/v3/stropsnanobot.go:230.2,233.29 3 1
github.com/MikeAustin71/stringopsgo/strops/v3/stropsnanobot.go:242.2,245.24 2 1
github.com/MikeAustin71/stringopsgo/strops/v3/stropsnanobot.go:267.2,267.32 1 1
github.com/MikeAustin71/stringopsgo/strops/v3/stropsnanobot.go:272.2,274.21 2 1
github.com/MikeAustin71/stringopsgo/strops/v3/stropsnanobot.go:306.2,306.26 1 1
github.com/MikeAustin71/stringopsgo/strops/v3/stropsnanobot.go:218.29,220.3 1 1
github.com/MikeAustin71/stringopsgo/strops/v3/stropsnanobot.go:226.22,228.3 1 1
github.com/MikeAustin71/stringopsgo/strops/v3/stropsnanobot.go:233.29,240.3 2 1
github.com/MikeAustin71/stringopsgo/strops/v3/stropsnanobot.go:245.24,252.3 2 1
github.com/MikeAustin71/stringopsgo/strops/v3/stropsnanobot.go:252.8,253.23 1 1
github.com/MikeAustin71/stringopsgo/strops/v3/stropsnanobot.go:253.23,259.3 2 0
github.com/MikeAustin71/stringopsgo/strops/v3/stropsnanobot.go:259.8,259.49 1 1
github.com/MikeAustin71/stringopsgo/strops/v3/stropsnanobot.go:259.49,265.3 2 0
github.com/MikeAustin71/stringopsgo/strops/v3/stropsnanobot.go:267.32,270.3 2 0
github.com/MikeAustin71/stringopsgo/strops/v3/stropsnanobot.go:275.35,281.12 1 1
github.com/MikeAustin71/stringopsgo/strops/v3/stropsnanobot.go:283.36,289.12 1 1
github.com/MikeAustin71/stringopsgo/strops/v3/stropsnanobot.go:291.37,297.12 1 1
github.com/MikeAustin71/stringopsgo/strops/v3/stropsnanobot.go:299.10,303.28 1 0
github.com/MikeAustin71/stringopsgo/strops/v3/stropsquark.go:77.25,79.27 1 1
github.com/MikeAustin71/stringopsgo/strops/v3/stropsquark.go:83.2,87.22 3 1
github.com/MikeAustin71/stringopsgo/strops/v3/stropsquark.go:91.2,95.31 3 1
github.com/MikeAustin71/stringopsgo/strops/v3/stropsquark.go:99.2,102.44 3 1
github.com/MikeAustin71/stringopsgo/strops/v3/stropsquark.go:155.2,155.19 1 1
github.com/MikeAustin71/stringopsgo/strops/v3/stropsquark.go:79.27,81.3 1 1
github.com/MikeAustin71/stringopsgo/strops/v3/stropsquark.go:87.22,89.3 1 1
github.com/MikeAustin71/stringopsgo/strops/v3/stropsquark.go:95.31,97.3 1 1
github.com/MikeAustin71/stringopsgo/strops/v3/stropsquark.go:102.44,105.16 2 1
github.com/MikeAustin71/stringopsgo/strops/v3/stropsquark.go:106.10,107.27 1 1
github.com/MikeAustin71/stringopsgo/strops/v3/stropsquark.go:108.10,109.26 1 1
github.com/MikeAustin71/stringopsgo/strops/v3/stropsquark.go:110.10,111.26 1 1
github.com/MikeAustin71/stringopsgo/strops/v3/stropsquark.go:112.10,113.26 1 1
github.com/MikeAustin71/stringopsgo/strops/v3/stropsquark.go:114.10,115.26 1 1
github.com/MikeAustin71/stringopsgo/strops/v3/stropsquark.go:116.10,117.26 1 1
github.com/MikeAustin71/stringopsgo/strops/v3/stropsquark.go:118.10,119.26 1 1
github.com/MikeAustin71/stringopsgo/strops/v3/stropsquark.go:120.13,121.24 1 1
github.com/MikeAustin71/stringopsgo/strops/v3/stropsquark.go:122.13,123.24 1 1
github.com/MikeAustin71/stringopsgo/strops/v3/stropsquark.go:124.13,125.24 1 1
github.com/MikeAustin71/stringopsgo/strops/v3/stropsquark.go:126.13,127.24 1 1
github.com/MikeAustin71/stringopsgo/strops/v3/stropsquark.go:128.13,129.24 1 1
github.com/MikeAustin71/stringopsgo/strops/v3/stropsquark.go:130.13,131.24 1 1
github.com/MikeAustin71/stringopsgo/strops/v3/stropsquark.go:132.13,133.24 1 1
github.com/MikeAustin71/stringopsgo/strops/v3/stropsquark.go:134.11,135.25 1 1
github.com/MikeAustin71/stringopsgo/strops/v3/stropsquark.go:136.11,137.25 1 1
github.com/MikeAustin71/stringopsgo/strops/v3/stropsquark.go:138.13,139.23 1 1
github.com/MikeAustin71/stringopsgo/strops/v3/stropsquark.go:140.12,142.20 1 1
github.com/MikeAustin71/stringopsgo/strops/v3/stropsquark.go:148.11,149.22 1 1
github.com/MikeAustin71/stringopsgo/strops/v3/stropsquark.go:142.20,144.5 1 1
github.com/MikeAustin71/stringopsgo/strops/v3/stropsquark.go:144.10,146.5 1 1
github.com/MikeAustin71/stringopsgo/strops/v3/stropsquark.go:164.22,166.27 1 1
github.com/MikeAustin71/stringopsgo/strops/v3/stropsquark.go:170.2,175.21 4 1
github.com/MikeAustin71/stringopsgo/strops/v3/stropsquark.go:179.2,181.29 2 1
github.com/MikeAustin71/stringopsgo/strops/v3/stropsquark.go:185.2,185.14 1 1
github.com/MikeAustin71/stringopsgo/strops/v3/stropsquark.go:166.27,168.3 1 1
github.com/MikeAustin71/stringopsgo/strops/v3/stropsquark.go:175.21,177.3 1 1
github.com/MikeAustin71/stringopsgo/strops/v3/stropsquark.go:181.29,183.3 1 1
github.com/MikeAustin71/stringopsgo/strops/v3/stropsquark.go:212.9,214.27 1 1
github.com/MikeAustin71/stringopsgo/strops/v3/stropsquark.go:218.2,222.22 3 1
github.com/MikeAustin71/stringopsgo/strops/v3/stropsquark.go:226.2,230.23 3 1
github.com/MikeAustin71/stringopsgo/strops/v3/stropsquark.go:237.2,237.18 1 1
github.com/MikeAustin71/stringopsgo/strops/v3/stropsquark.go:244.2,244.16 1 1
github.com/MikeAustin71/stringopsgo/strops/v3/stropsquark.go:251.2,251.28 1 1
github.com/MikeAustin71/stringopsgo/strops/v3/stropsquark.go:260.2,260.23 1 1
github.com/MikeAustin71/stringopsgo/strops/v3/stropsquark.go:268.2,270.21 2 1
github.com/MikeAustin71/stringopsgo/strops/v3/stropsquark.go:279.2,279.16 1 1
github.com/MikeAustin71/stringopsgo/strops/v3/stropsquark.go:214.27,216.3 1 1
github.com/MikeAustin71/stringopsgo/strops/v3/stropsquark.go:222.22,224.3 1 1
github.com/MikeAustin71/stringopsgo/strops/v3/stropsquark.go:230.23,235.3 1 1
github.com/MikeAustin71/stringopsgo/strops/v3/stropsquark.go:237.18,242.3 1 1
github.com/MikeAustin71/stringopsgo/strops/v3/stropsquark.go:244.16,249.3 1 1
github.com/MikeAustin71/stringopsgo/strops/v3/stropsquark.go:251.28,258.3 1 1
github.com/MikeAustin71/stringopsgo/strops/v3/stropsquark.go:260.23,266.3 1 1
github.com/MikeAustin71/stringopsgo/strops/v3/stropsquark.go:270.21,272.31 1 1
github.com/MikeAustin71/stringopsgo/strops/v3/stropsquark.go:276.3,276.11 1 1
github.com/MikeAustin71/stringopsgo/strops/v3/stropsquark.go:272.31,274.4 1 1
github.com/MikeAustin71/stringopsgo/strops/v3/stropsquark.go:359.9,361.27 1 1
github.com/MikeAustin71/stringopsgo/strops/v3/stropsquark.go:365.2,369.22 3 1
github.com/MikeAustin71/stringopsgo/strops/v3/stropsquark.go:373.2,377.23 3 1
github.com/MikeAustin71/stringopsgo/strops/v3/stropsquark.go:384.2,384.18 1 1
github.com/MikeAustin71/stringopsgo/strops/v3/stropsquark.go:391.2,391.16 1 1
github.com/MikeAustin71/stringopsgo/strops/v3/stropsquark.go:398.2,398.28 1 1
github.com/MikeAustin71/stringopsgo/strops/v3/stropsquark.go:408.2,408.23 1 1
github.com/MikeAustin71/stringopsgo/strops/v3/stropsquark.go:416.2,416.25 1 1
github.com/MikeAustin71/stringopsgo/strops/v3/stropsquark.go:425.2,425.16 1 1
github.com/MikeAustin71/stringopsgo/strops/v3/stropsquark.go:361.27,363.3 1 1
github.com/MikeAustin71/stringopsgo/strops/v3/stropsquark.go:369.22,371.3 1 1
github.com/MikeAustin71/stringopsgo/strops/v3/stropsquark.go:377.23,382.3 1 1
github.com/MikeAustin71/stringopsgo/strops/v3/stropsquark.go:384.18,389.3 1 1
github.com/MikeAustin71/stringopsgo/strops/v3/stropsquark.go:391.16,396.3 1 1
github.com/MikeAustin71/stringopsgo/strops/v3/stropsquark.go:398.28,406.3 1 1
github.com/MikeAustin71/stringopsgo/strops/v3/stropsquark.go:408.23,414.3 1 1
github.com/MikeAustin71/stringopsgo/strops/v3/stropsquark.go:416.25,418.31 1 1
github.com/MikeAustin71/stringopsgo/strops/v3/stropsquark.go:422.3,422.11 1 1
github.com/MikeAustin71/stringopsgo/strops/v3/stropsquark.go:418.31,420.4 1 1
github.com/MikeAustin71/stringopsgo/strops/v3/stropsquark.go:548.13,550.27 1 1
github.com/MikeAustin71/stringopsgo/strops/v3/stropsquark.go:554.2,558.22 3 1
github.com/MikeAustin71/stringopsgo/strops/v3/stropsquark.go:562.2,571.23 7 1
github.com/MikeAustin71/stringopsgo/strops/v3/stropsquark.go:584.2,584.20 1 1
github.com/MikeAustin71/stringopsgo/strops/v3/stropsquark.go:598.2,598.18 1 1
github.com/MikeAustin71/stringopsgo/strops/v3/stropsquark.go:612.2,612.30 1 1
github.com/MikeAustin71/stringopsgo/strops/v3/stropsquark.go:629.2,629.27 1 1
github.com/MikeAustin71/stringopsgo/strops/v3/stropsquark.go:643.2,653.28 7 1
github.com/MikeAustin71/stringopsgo/strops/v3/stropsquark.go:675.2,675.24 1 1
github.com/MikeAustin71/stringopsgo/strops/v3/stropsquark.go:702.2,702.17 1 1
github.com/MikeAustin71/stringopsgo/strops/v3/stropsquark.go:714.2,714.18 1 1
github.com/MikeAustin71/stringopsgo/strops/v3/stropsquark.go:726.2,732.6 2 1
github.com/MikeAustin71/stringopsgo/strops/v3/stropsquark.go:550.27,552.3 1 1
github.com/MikeAustin71/stringopsgo/strops/v3/stropsquark.go:558.22,560.3 1 1
github.com/MikeAustin71/stringopsgo/strops/v3/stropsquark.go:571.23,582.3 2 1
github.com/MikeAustin71/stringopsgo/strops/v3/stropsquark.go:584.20,596.3 2 1
github.com/MikeAustin71/stringopsgo/strops/v3/stropsquark.go:598.18,610.3 2 1
github.com/MikeAustin71/stringopsgo/strops/v3/stropsquark.go:612.30,627.3 2 1
github.com/MikeAustin71/stringopsgo/strops/v3/stropsquark.go:629.27,641.3 2 1
github.com/MikeAustin71/stringopsgo/strops/v3/stropsquark.go:653.28,658.35 3 1
github.com/MikeAustin71/stringopsgo/strops/v3/stropsquark.go:666.3,672.7 2 1
github.com/MikeAustin71/stringopsgo/strops/v3/stropsquark.go:658.35,661.4 2 1
github.com/MikeAustin71/stringopsgo/strops/v3/stropsquark.go:661.9,664.4 2 1
github.com/MikeAustin71/stringopsgo/strops/v3/stropsquark.go:675.24,677.28 1 1
github.com/MikeAustin71/stringopsgo/strops/v3/stropsquark.go:683.3,684.26 1 1
github.com/MikeAustin71/stringopsgo/strops/v3/stropsquark.go:692.3,693.26 1 1
github.com/MikeAustin71/stringopsgo/strops/v3/stropsquark.go:699.3,699.8 1 1
github.com/MikeAustin71/stringopsgo/strops/v3/stropsquark.go:677.28,679.4 1 1
github.com/MikeAustin71/stringopsgo/strops/v3/stropsquark.go:679.9,681.4 1 1
github.com/MikeAustin71/stringopsgo/strops/v3/stropsquark.go:684.26,689.12 4 1
github.com/MikeAustin71/stringopsgo/strops/v3/stropsquark.go:693.26,696.9 2 1
github.com/MikeAustin71/stringopsgo/strops/v3/stropsquark.go:702.17,712.3 5 1
github.com/MikeAustin71/stringopsgo/strops/v3/stropsquark.go:714.18,724.3 5 1
github.com/MikeAustin71/stringopsgo/strops/v3/stropsquark.go:749.22,751.27 1 1
github.com/MikeAustin71/stringopsgo/strops/v3/stropsquark.go:755.2,761.38 4 1
github.com/MikeAustin71/stringopsgo/strops/v3/stropsquark.go:751.27,753.3 1 1
github.com/MikeAustin71/stringopsgo/strops/v3/stropsquark.go:795.24,797.27 1 1
github.com/MikeAustin71/stringopsgo/strops/v3/stropsquark.go:801.2,805.31 3 1
github.com/MikeAustin71/stringopsgo/strops/v3/stropsquark.go:797.27,799.3 1 1
github.com/MikeAustin71/stringopsgo/strops/v3/stropsquark.go:837.24,839.27 1 1
github.com/MikeAustin71/stringopsgo/strops/v3/stropsquark.go:843.2,847.42 3 1
github.com/MikeAustin71/stringopsgo/strops/v3/stropsquark.go:839.27,841.3 1 1
github.com/MikeAustin71/stringopsgo/strops/v3/stropsquark.go:907.9,909.27 1 1
github.com/MikeAustin71/stringopsgo/strops/v3/stropsquark.go:913.2,923.25 6 1
github.com/MikeAustin71/stringopsgo/strops/v3/stropsquark.go:930.2,932.24 2 1
github.com/MikeAustin71/stringopsgo/strops/v3/stropsquark.go:939.2,939.38 1 1
github.com/MikeAustin71/stringopsgo/strops/v3/stropsquark.go:950.2,950.20 1 1
github.com/MikeAustin71/stringopsgo/strops/v3/stropsquark.go:909.27,911.3 1 1
github.com/MikeAustin71/stringopsgo/strops/v3/stropsquark.go:923.25,928.3 1 1
github.com/MikeAustin71/stringopsgo/strops/v3/stropsquark.go:932.24,937.3 1 1
github.com/MikeAustin71/stringopsgo/strops/v3/stropsquark.go:939.38,941.38 1 1
github.com/MikeAustin71/stringopsgo/strops/v3/stropsquark.go:941.38,942.39 1 1
github.com/MikeAustin71/stringopsgo/strops/v3/stropsquark.go:942.39,944.10 2 1
github.com/MikeAustin71/stringopsgo/strops/v3/stropsquark.go:1006.9,1008.27 1 1
github.com/MikeAustin71/stringopsgo/strops/v3/stropsquark.go:1012.2,1016.22 3 1
github.com/MikeAustin71/stringopsgo/strops/v3/stropsquark.go:1020.2,1026.25 4 1
github.com/MikeAustin71/stringopsgo/strops/v3/stropsquark.go:1033.2,1035.24 2 1
github.com/MikeAustin71/stringopsgo/strops/v3/stropsquark.go:1042.2,1042.38 1 1
github.com/MikeAustin71/stringopsgo/strops/v3/stropsquark.go:1052.2,1052.20 1 1
github.com/MikeAustin71/stringopsgo/strops/v3/stropsquark.go:1008.27,1010.3 1 1
github.com/MikeAustin71/stringopsgo/strops/v3/stropsquark.go:1016.22,1018.3 1 1
github.com/MikeAustin71/stringopsgo/strops/v3/stropsquark.go:1026.25,1031.3 1 1
github.com/MikeAustin71/stringopsgo/strops/v3/stropsquark.go:1035.24,1040.3 1 1
github.com/MikeAustin71/stringopsgo/strops/v3/stropsquark.go:1042.38,1044.38 1 1
github.com/MikeAustin71/stringopsgo/strops/v3/stropsquark.go:1044.38,1045.39 1 1
github.com/MikeAustin71/stringopsgo/strops/v3/stropsquark.go:1045.39,1047.10 2 1
github.com/MikeAustin71/stringopsgo/strops/v3/stropsquark.go:1059.25,1061.27 1 1
github.com/MikeAustin71/stringopsgo/strops/v3/stropsquark.go:1065.2,1071.33 4 1
github.com/MikeAustin71/stringopsgo/strops/v3/stropsquark.go:1077.2,1077.13 1 1
github.com/MikeAustin71/stringopsgo/strops/v3/stropsquark.go:1061.27,1063.3 1 1
github.com/MikeAustin71/stringopsgo/strops/v3/stropsquark.go:1071.33,1072.26 1 1
github.com/MikeAustin71/stringopsgo/strops/v3/stropsquark.go:1072.26,1074.4 1 1
github.com/MikeAustin71/stringopsgo/strops/v3/stropsquark.go:1084.21,1086.27 1 1
github.com/MikeAustin71/stringopsgo/strops/v3/stropsquark.go:1090.2,1094.19 3 1
github.com/MikeAustin71/stringopsgo/strops/v3/stropsquark.go:1098.2,1100.36 2 1
github.com/MikeAustin71/stringopsgo/strops/v3/stropsquark.go:1123.2,1123.24 1 1
github.com/MikeAustin71/stringopsgo/strops/v3/stropsquark.go:1086.27,1088.3 1 1
github.com/MikeAustin71/stringopsgo/strops/v3/stropsquark.go:1094.19,1096.3 1 1
github.com/MikeAustin71/stringopsgo/strops/v3/stropsquark.go:1100.36,1102.24 1 1
github.com/MikeAustin71/stringopsgo/strops/v3/stropsquark.go:1106.3,1108.22 1 1
github.com/MikeAustin71/stringopsgo/strops/v3/stropsquark.go:1102.24,1103.12 1 1
github.com/MikeAustin71/stringopsgo/strops/v3/stropsquark.go:1108.22,1112.9 2 1
github.com/MikeAustin71/stringopsgo/strops/v3/stropsquark.go:1114.9,1116.22 1 1
github.com/MikeAustin71/stringopsgo/strops/v3/stropsquark.go:1116.22,1118.9 1 1
github.com/MikeAustin71/stringopsgo/strops/v3/stropsquark.go:1187.9,1189.27 1 1
github.com/MikeAustin71/stringopsgo/strops/v3/stropsquark.go:1193.2,1197.22 3 1
github.com/MikeAustin71/stringopsgo/strops/v3/stropsquark.go:1201.2,1203.16 2 1
github.com/MikeAustin71/stringopsgo/strops/v3/stropsquark.go:1209.2,1209.19 1 1
github.com/MikeAustin71/stringopsgo/strops/v3/stropsquark.go:1215.2,1218.30 3 1
github.com/MikeAustin71/stringopsgo/strops/v3/stropsquark.go:1232.2,1232.24 1 1
github.com/MikeAustin71/stringopsgo/strops/v3/stropsquark.go:1189.27,1191.3 1 1
github.com/MikeAustin71/stringopsgo/strops/v3/stropsquark.go:1197.22,1199.3 1 1
github.com/MikeAustin71/stringopsgo/strops/v3/stropsquark.go:1203.16,1207.3 1 1
github.com/MikeAustin71/stringopsgo/strops/v3/stropsquark.go:1209.19,1213.3 1 1
github.com/MikeAustin71/stringopsgo/strops/v3/stropsquark.go:1218.30,1222.17 2 1
github.com/MikeAustin71/stringopsgo/strops/v3/stropsquark.go:1222.17,1229.4 1 0
github.com/MikeAustin71/stringopsgo/strops/v3/stropsquark.go:1308.13,1310.27 1 0
github.com/MikeAustin71/stringopsgo/strops/v3/stropsquark.go:1314.2,1318.22 3 0
github.com/MikeAustin71/stringopsgo/strops/v3/stropsquark.go:1322.2,1324.25 2 0
github.com/MikeAustin71/stringopsgo/strops/v3/stropsquark.go:1331.2,1331.23 1 0
github.com/MikeAustin71/stringopsgo/strops/v3/stropsquark.go:1339.2,1339.32 1 0
github.com/MikeAustin71/stringopsgo/strops/v3/stropsquark.go:1346.2,1348.30 2 0
github.com/MikeAustin71/stringopsgo/strops/v3/stropsquark.go:1363.2,1365.36 2 0
github.com/MikeAustin71/stringopsgo/strops/v3/stropsquark.go:1310.27,1312.3 1 0
github.com/MikeAustin71/stringopsgo/strops/v3/stropsquark.go:1318.22,1320.3 1 0
github.com/MikeAustin71/stringopsgo/strops/v3/stropsquark.go:1324.25,1329.3 2 0
github.com/MikeAustin71/stringopsgo/strops/v3/stropsquark.go:1331.23,1337.3 2 0
github.com/MikeAustin71/stringopsgo/strops/v3/stropsquark.go:1339.32,1344.3 2 0
github.com/MikeAustin71/stringopsgo/strops/v3/stropsquark.go:1348.30,1351.44 1 0
github.com/MikeAustin71/stringopsgo/strops/v3/stropsquark.go:1355.3,1355.24 1 0
github.com/MikeAustin71/stringopsgo/strops/v3/stropsquark.go:1360.3,1360.35 1 0
github.com/MikeAustin71/stringopsgo/strops/v3/stropsquark.go:1351.44,1352.9 1 0
github.com/MikeAustin71/stringopsgo/strops/v3/stropsquark.go:1355.24,1357.12 2 0
github.com/MikeAustin71/stringopsgo/strops/v3/stropsquark.go:1441.9,1443.27 1 1
github.com/MikeAustin71/stringopsgo/strops/v3/stropsquark.go:1447.2,1451.22 3 1
github.com/MikeAustin71/stringopsgo/strops/v3/stropsquark.go:1455.2,1458.27 3 1
github.com/MikeAustin71/stringopsgo/strops/v3/stropsquark.go:1466.2,1466.28 1 1
github.com/MikeAustin71/stringopsgo/strops/v3/stropsquark.go:1474.2,1474.25 1 1
github.com/MikeAustin71/stringopsgo/strops/v3/stropsquark.go:1478.2,1488.40 8 1
github.com/MikeAustin71/stringopsgo/strops/v3/stropsquark.go:1519.2,1519.42 1 1
github.com/MikeAustin71/stringopsgo/strops/v3/stropsquark.go:1443.27,1445.3 1 1
github.com/MikeAustin71/stringopsgo/strops/v3/stropsquark.go:1451.22,1453.3 1 0
github.com/MikeAustin71/stringopsgo/strops/v3/stropsquark.go:1458.27,1464.3 2 0
github.com/MikeAustin71/stringopsgo/strops/v3/stropsquark.go:1466.28,1472.3 2 0
github.com/MikeAustin71/stringopsgo/strops/v3/stropsquark.go:1474.25,1476.3 1 1
github.com/MikeAustin71/stringopsgo/strops/v3/stropsquark.go:1488.40,1492.33 1 1
github.com/MikeAustin71/stringopsgo/strops/v3/stropsquark.go:1492.33,1496.40 2 1
github.com/MikeAustin71/stringopsgo/strops/v3/stropsquark.go:1505.4,1505.42 1 1
github.com/MikeAustin71/stringopsgo/strops/v3/stropsquark.go:1512.4,1512.12 1 1
github.com/MikeAustin71/stringopsgo/strops/v3/stropsquark.go:1496.40,1498.53 1 0
github.com/MikeAustin71/stringopsgo/strops/v3/stropsquark.go:1498.53,1500.6 1 0
github.com/MikeAustin71/stringopsgo/strops/v3/stropsquark.go:1500.11,1501.11 1 0
github.com/MikeAustin71/stringopsgo/strops/v3/stropsquark.go:1505.42,1508.5 2 1
github.com/MikeAustin71/stringopsgo/strops/v3/stropsquark.go:1508.10,1510.5 1 0
github.com/MikeAustin71/stringopsgo/strops/v3/stropsquark.go:1514.9,1516.4 1 1
github.com/MikeAustin71/stringopsgo/strops/v3/stropsquark.go:1583.9,1585.27 1 1
github.com/MikeAustin71/stringopsgo/strops/v3/stropsquark.go:1589.2,1593.22 3 1
github.com/MikeAustin71/stringopsgo/strops/v3/stropsquark.go:1597.2,1603.20 4 1
github.com/MikeAustin71/stringopsgo/strops/v3/stropsquark.go:1610.2,1612.25 2 1
github.com/MikeAustin71/stringopsgo/strops/v3/stropsquark.go:1619.2,1619.38 1 1
github.com/MikeAustin71/stringopsgo/strops/v3/stropsquark.go:1632.2,1632.33 1 1
github.com/MikeAustin71/stringopsgo/strops/v3/stropsquark.go:1655.2,1655.20 1 1
github.com/MikeAustin71/stringopsgo/strops/v3/stropsquark.go:1585.27,1587.3 1 1
github.com/MikeAustin71/stringopsgo/strops/v3/stropsquark.go:1593.22,1595.3 1 1
github.com/MikeAustin71/stringopsgo/strops/v3/stropsquark.go:1603.20,1608.3 1 1
github.com/MikeAustin71/stringopsgo/strops/v3/stropsquark.go:1612.25,1617.3 1 1
github.com/MikeAustin71/stringopsgo/strops/v3/stropsquark.go:1619.38,1621.35 1 1
github.com/MikeAustin71/stringopsgo/strops/v3/stropsquark.go:1621.35,1628.4 1 1
github.com/MikeAustin71/stringopsgo/strops/v3/stropsquark.go:1632.33,1636.39 2 1
github.com/MikeAustin71/stringopsgo/strops/v3/stropsquark.go:1649.3,1649.24 1 1
github.com/MikeAustin71/stringopsgo/strops/v3/stropsquark.go:1636.39,1638.48 1 1
github.com/MikeAustin71/stringopsgo/strops/v3/stropsquark.go:1638.48,1640.36 1 1
github.com/MikeAustin71/stringopsgo/strops/v3/stropsquark.go:1644.5,1645.10 2 1
github.com/MikeAustin71/stringopsgo/strops/v3/stropsquark.go:1640.36,1642.6 1 1
github.com/MikeAustin71/stringopsgo/strops/v3/stropsquark.go:1649.24,1651.4 1 1
github.com/MikeAustin71/stringopsgo/strops/v3/stropsquark.go:1739.9,1741.27 1 0
github.com/MikeAustin71/stringopsgo/strops/v3/stropsquark.go:1745.2,1749.22 3 0
github.com/MikeAustin71/stringopsgo/strops/v3/stropsquark.go:1753.2,1756.25 3 0
github.com/MikeAustin71/stringopsgo/strops/v3/stropsquark.go:1763.2,1763.24 1 0
github.com/MikeAustin71/stringopsgo/strops/v3/stropsquark.go:1771.2,1771.26 1 0
github.com/MikeAustin71/stringopsgo/strops/v3/stropsquark.go:1779.2,1779.31 1 0
github.com/MikeAustin71/stringopsgo/strops/v3/stropsquark.go:1786.2,1790.30 3 0
github.com/MikeAustin71/stringopsgo/strops/v3/stropsquark.go:1804.2,1804.50 1 0
github.com/MikeAustin71/stringopsgo/strops/v3/stropsquark.go:1741.27,1743.3 1 0
github.com/MikeAustin71/stringopsgo/strops/v3/stropsquark.go:1749.22,1751.3 1 0
github.com/MikeAustin71/stringopsgo/strops/v3/stropsquark.go:1756.25,1761.3 2 0
github.com/MikeAustin71/stringopsgo/strops/v3/stropsquark.go:1763.24,1769.3 2 0
github.com/MikeAustin71/stringopsgo/strops/v3/stropsquark.go:1771.26,1777.3 2 0
github.com/MikeAustin71/stringopsgo/strops/v3/stropsquark.go:1779.31,1784.3 2 0
github.com/MikeAustin71/stringopsgo/strops/v3/stropsquark.go:1790.30,1793.46 1 0
github.com/MikeAustin71/stringopsgo/strops/v3/stropsquark.go:1797.3,1797.25 1 0
github.com/MikeAustin71/stringopsgo/strops/v3/stropsquark.go:1793.46,1794.9 1 0
github.com/MikeAustin71/stringopsgo/strops/v3/stropsquark.go:1797.25,1800.4 2 0
github.com/MikeAustin71/stringopsgo/strops/v3/stropsquark.go:1888.9,1890.27 1 1
github.com/MikeAustin71/stringopsgo/strops/v3/stropsquark.go:1894.2,1898.22 3 1
github.com/MikeAustin71/stringopsgo/strops/v3/stropsquark.go:1902.2,1908.27 4 1
github.com/MikeAustin71/stringopsgo/strops/v3/stropsquark.go:1916.2,1916.28 1 1
github.com/MikeAustin71/stringopsgo/strops/v3/stropsquark.go:1924.2,1924.30 1 1
github.com/MikeAustin71/stringopsgo/strops/v3/stropsquark.go:1932.2,1932.29 1 1
github.com/MikeAustin71/stringopsgo/strops/v3/stropsquark.go:1936.2,1947.40 9 1
github.com/MikeAustin71/stringopsgo/strops/v3/stropsquark.go:1981.2,1981.46 1 1
github.com/MikeAustin71/stringopsgo/strops/v3/stropsquark.go:1890.27,1892.3 1 1
github.com/MikeAustin71/stringopsgo/strops/v3/stropsquark.go:1898.22,1900.3 1 0
github.com/MikeAustin71/stringopsgo/strops/v3/stropsquark.go:1908.27,1914.3 2 0
github.com/MikeAustin71/stringopsgo/strops/v3/stropsquark.go:1916.28,1922.3 2 0
github.com/MikeAustin71/stringopsgo/strops/v3/stropsquark.go:1924.30,1930.3 2 0
github.com/MikeAustin71/stringopsgo/strops/v3/stropsquark.go:1932.29,1934.3 1 1
github.com/MikeAustin71/stringopsgo/strops/v3/stropsquark.go:1947.40,1951.41 1 1
github.com/MikeAustin71/stringopsgo/strops/v3/stropsquark.go:1951.41,1955.40 2 1
github.com/MikeAustin71/stringopsgo/strops/v3/stropsquark.go:1964.4,1964.42 1 1
github.com/MikeAustin71/stringopsgo/strops/v3/stropsquark.go:1974.4,1974.12 1 1
github.com/MikeAustin71/stringopsgo/strops/v3/stropsquark.go:1955.40,1957.45 1 0
github.com/MikeAustin71/stringopsgo/strops/v3/stropsquark.go:1957.45,1959.6 1 0
github.com/MikeAustin71/stringopsgo/strops/v3/stropsquark.go:1959.11,1960.11 1 0
github.com/MikeAustin71/stringopsgo/strops/v3/stropsquark.go:1964.42,1970.5 3 1
github.com/MikeAustin71/stringopsgo/strops/v3/stropsquark.go:1970.10,1972.5 1 0
github.com/MikeAustin71/stringopsgo/strops/v3/stropsquark.go:1976.9,1978.4 1 1
github.com/MikeAustin71/stringopsgo/strops/v3/stropsquark.go:2048.14,2050.27 1 1
github.com/MikeAustin71/stringopsgo/strops/v3/stropsquark.go:2054.2,2061.17 5 1
github.com/MikeAustin71/stringopsgo/strops/v3/stropsquark.go:2065.2,2067.22 2 1
github.com/MikeAustin71/stringopsgo/strops/v3/stropsquark.go:2071.2,2076.6 4 1
github.com/MikeAustin71/stringopsgo/strops/v3/stropsquark.go:2119.2,2119.25 1 1
github.com/MikeAustin71/stringopsgo/strops/v3/stropsquark.go:2050.27,2052.3 1 1
github.com/MikeAustin71/stringopsgo/strops/v3/stropsquark.go:2061.17,2063.3 1 1
github.com/MikeAustin71/stringopsgo/strops/v3/stropsquark.go:2067.22,2069.3 1 1
github.com/MikeAustin71/stringopsgo/strops/v3/stropsquark.go:2076.6,2080.36 2 1
github.com/MikeAustin71/stringopsgo/strops/v3/stropsquark.go:2112.3,2112.51 1 1
github.com/MikeAustin71/stringopsgo/strops/v3/stropsquark.go:2080.36,2082.8 1 1
github.com/MikeAustin71/stringopsgo/strops/v3/stropsquark.go:2105.4,2107.19 2 1
github.com/MikeAustin71/stringopsgo/strops/v3/stropsquark.go:2082.8,2086.25 2 1
github.com/MikeAustin71/stringopsgo/strops/v3/stropsquark.go:2090.5,2094.34 4 1
github.com/MikeAustin71/stringopsgo/strops/v3/stropsquark.go:2102.5,2102.32 1 1
github.com/MikeAustin71/stringopsgo/strops/v3/stropsquark.go:2086.25,2087.11 1 1
github.com/MikeAustin71/stringopsgo/strops/v3/stropsquark.go:2094.34,2097.6 1 0
github.com/MikeAustin71/stringopsgo/strops/v3/stropsquark.go:2097.11,2100.6 1 1
github.com/MikeAustin71/stringopsgo/strops/v3/stropsquark.go:2107.19,2108.14 1 0
github.com/MikeAustin71/stringopsgo/strops/v3/stropsquark.go:2112.51,2113.13 1 1
github.com/MikeAustin71/stringopsgo/strops/v3/stropsquark.go:2201.14,2203.27 1 1
github.com/MikeAustin71/stringopsgo/strops/v3/stropsquark.go:2207.2,2216.22 6 1
github.com/MikeAustin71/stringopsgo/strops/v3/stropsquark.go:2220.2,2220.17 1 1
github.com/MikeAustin71/stringopsgo/strops/v3/stropsquark.go:2224.2,2229.6 4 1
github.com/MikeAustin71/stringopsgo/strops/v3/stropsquark.go:2260.2,2260.25 1 1
github.com/MikeAustin71/stringopsgo/strops/v3/stropsquark.go:2203.27,2205.3 1 1
github.com/MikeAustin71/stringopsgo/strops/v3/stropsquark.go:2216.22,2218.3 1 1
github.com/MikeAustin71/stringopsgo/strops/v3/stropsquark.go:2220.17,2222.3 1 1
github.com/MikeAustin71/stringopsgo/strops/v3/stropsquark.go:2229.6,2233.36 2 1
github.com/MikeAustin71/stringopsgo/strops/v3/stropsquark.go:2253.3,2253.51 1 1
github.com/MikeAustin71/stringopsgo/strops/v3/stropsquark.go:2233.36,2235.8 1 1
github.com/MikeAustin71/stringopsgo/strops/v3/stropsquark.go:2246.4,2248.19 2 1
github.com/MikeAustin71/stringopsgo/strops/v3/stropsquark.go:2235.8,2237.50 1 1
github.com/MikeAustin71/stringopsgo/strops/v3/stropsquark.go:2241.5,2243.32 2 1
github.com/MikeAustin71/stringopsgo/strops/v3/stropsquark.go:2237.50,2238.11 1 1
github.com/MikeAustin71/stringopsgo/strops/v3/stropsquark.go:2248.19,2249.14 1 0
github.com/MikeAustin71/stringopsgo/strops/v3/stropsquark.go:2253.51,2254.13 1 1
github.com/MikeAustin71/stringopsgo/strops/v3/stropsquark.go:2346.14,2348.27 1 1
github.com/MikeAustin71/stringopsgo/strops/v3/stropsquark.go:2352.2,2361.22 6 1
github.com/MikeAustin71/stringopsgo/strops/v3/stropsquark.go:2365.2,2365.17 1 1
github.com/MikeAustin71/stringopsgo/strops/v3/stropsquark.go:2369.2,2372.6 3 1
github.com/MikeAustin71/stringopsgo/strops/v3/stropsquark.go:2411.2,2411.25 1 1
github.com/MikeAustin71/stringopsgo/strops/v3/stropsquark.go:2348.27,2350.3 1 1
github.com/MikeAustin71/stringopsgo/strops/v3/stropsquark.go:2361.22,2363.3 1 1
github.com/MikeAustin71/stringopsgo/strops/v3/stropsquark.go:2365.17,2367.3 1 1
github.com/MikeAustin71/stringopsgo/strops/v3/stropsquark.go:2372.6,2376.36 2 1
github.com/MikeAustin71/stringopsgo/strops/v3/stropsquark.go:2397.3,2399.18 2 1
github.com/MikeAustin71/stringopsgo/strops/v3/stropsquark.go:2403.3,2403.51 1 1
github.com/MikeAustin71/stringopsgo/strops/v3/stropsquark.go:2376.36,2378.8 1 1
github.com/MikeAustin71/stringopsgo/strops/v3/stropsquark.go:2392.4,2392.26 1 1
github.com/MikeAustin71/stringopsgo/strops/v3/stropsquark.go:2378.8,2380.50 1 1
github.com/MikeAustin71/stringopsgo/strops/v3/stropsquark.go:2384.5,2388.32 3 1
github.com/MikeAustin71/stringopsgo/strops/v3/stropsquark.go:2380.50,2381.11 1 1
github.com/MikeAustin71/stringopsgo/strops/v3/stropsquark.go:2392.26,2393.14 1 0
github.com/MikeAustin71/stringopsgo/strops/v3/stropsquark.go:2399.18,2400.13 1 0
github.com/MikeAustin71/stringopsgo/strops/v3/stropsquark.go:2403.51,2404.13 1 1
github.com/MikeAustin71/stringopsgo/strops/v3/stropsquark.go:2520.9,2522.27 1 1
github.com/MikeAustin71/stringopsgo/strops/v3/stropsquark.go:2526.2,2530.22 3 1
github.com/MikeAustin71/stringopsgo/strops/v3/stropsquark.go:2534.2,2536.21 2 1
github.com/MikeAustin71/stringopsgo/strops/v3/stropsquark.go:2540.2,2540.23 1 1
github.com/MikeAustin71/stringopsgo/strops/v3/stropsquark.go:2544.2,2549.29 4 1
github.com/MikeAustin71/stringopsgo/strops/v3/stropsquark.go:2562.2,2562.41 1 1
github.com/MikeAustin71/stringopsgo/strops/v3/stropsquark.go:2522.27,2524.3 1 1
github.com/MikeAustin71/stringopsgo/strops/v3/stropsquark.go:2530.22,2532.3 1 1
github.com/MikeAustin71/stringopsgo/strops/v3/stropsquark.go:2536.21,2538.3 1 1
github.com/MikeAustin71/stringopsgo/strops/v3/stropsquark.go:2540.23,2542.3 1 1
github.com/MikeAustin71/stringopsgo/strops/v3/stropsquark.go:2549.29,2551.37 1 1
github.com/MikeAustin71/stringopsgo/strops/v3/stropsquark.go:2555.3,2555.25 1 1
github.com/MikeAustin71/stringopsgo/strops/v3/stropsquark.go:2551.37,2552.9 1 0
github.com/MikeAustin71/stringopsgo/strops/v3/stropsquark.go:2555.25,2558.4 2 1
github.com/MikeAustin71/stringopsgo/strops/v3/stropsquark.go:2643.13,2645.27 1 1
github.com/MikeAustin71/stringopsgo/strops/v3/stropsquark.go:2649.2,2653.22 3 1
github.com/MikeAustin71/stringopsgo/strops/v3/stropsquark.go:2657.2,2662.21 4 1
github.com/MikeAustin71/stringopsgo/strops/v3/stropsquark.go:2670.2,2670.19 1 1
github.com/MikeAustin71/stringopsgo/strops/v3/stropsquark.go:2678.2,2685.37 7 1
github.com/MikeAustin71/stringopsgo/strops/v3/stropsquark.go:2704.2,2704.25 1 1
github.com/MikeAustin71/stringopsgo/strops/v3/stropsquark.go:2708.2,2708.32 1 1
github.com/MikeAustin71/stringopsgo/strops/v3/stropsquark.go:2712.2,2715.18 3 1
github.com/MikeAustin71/stringopsgo/strops/v3/stropsquark.go:2645.27,2647.3 1 1
github.com/MikeAustin71/stringopsgo/strops/v3/stropsquark.go:2653.22,2655.3 1 1
github.com/MikeAustin71/stringopsgo/strops/v3/stropsquark.go:2662.21,2668.3 2 1
github.com/MikeAustin71/stringopsgo/strops/v3/stropsquark.go:2670.19,2676.3 2 1
github.com/MikeAustin71/stringopsgo/strops/v3/stropsquark.go:2685.37,2687.45 1 1
github.com/MikeAustin71/stringopsgo/strops/v3/stropsquark.go:2691.3,2691.60 1 1
github.com/MikeAustin71/stringopsgo/strops/v3/stropsquark.go:2695.3,2695.36 1 1
github.com/MikeAustin71/stringopsgo/strops/v3/stropsquark.go:2699.3,2701.8 3 1
github.com/MikeAustin71/stringopsgo/strops/v3/stropsquark.go:2687.45,2688.12 1 1
github.com/MikeAustin71/stringopsgo/strops/v3/stropsquark.go:2691.60,2692.12 1 1
github.com/MikeAustin71/stringopsgo/strops/v3/stropsquark.go:2695.36,2696.12 1 1
github.com/MikeAustin71/stringopsgo/strops/v3/stropsquark.go:2704.25,2706.3 1 1
github.com/MikeAustin71/stringopsgo/strops/v3/stropsquark.go:2708.32,2710.3 1 0
github.com/MikeAustin71/stringopsgo/strops/v3/stropsquark.go:2792.13,2794.27 1 1
github.com/MikeAustin71/stringopsgo/strops/v3/stropsquark.go:2798.2,2802.22 3 1
github.com/MikeAustin71/stringopsgo/strops/v3/stropsquark.go:2806.2,2813.23 5 1
github.com/MikeAustin71/stringopsgo/strops/v3/stropsquark.go:2821.2,2821.19 1 1
github.com/MikeAustin71/stringopsgo/strops/v3/stropsquark.go:2829.2,2832.21 3 1
github.com/MikeAustin71/stringopsgo/strops/v3/stropsquark.go:2846.2,2846.30 1 1
github.com/MikeAustin71/stringopsgo/strops/v3/stropsquark.go:2853.2,2856.21 3 1
github.com/MikeAustin71/stringopsgo/strops/v3/stropsquark.go:2865.2,2865.17 1 1
github.com/MikeAustin71/stringopsgo/strops/v3/stropsquark.go:2870.2,2873.18 3 1
github.com/MikeAustin71/stringopsgo/strops/v3/stropsquark.go:2794.27,2796.3 1 1
github.com/MikeAustin71/stringopsgo/strops/v3/stropsquark.go:2802.22,2804.3 1 1
github.com/MikeAustin71/stringopsgo/strops/v3/stropsquark.go:2813.23,2819.3 2 1
github.com/MikeAustin71/stringopsgo/strops/v3/stropsquark.go:2821.19,2827.3 2 1
github.com/MikeAustin71/stringopsgo/strops/v3/stropsquark.go:2832.21,2834.44 1 1
github.com/MikeAustin71/stringopsgo/strops/v3/stropsquark.go:2840.3,2840.31 1 1
github.com/MikeAustin71/stringopsgo/strops/v3/stropsquark.go:2834.44,2836.4 1 1
github.com/MikeAustin71/stringopsgo/strops/v3/stropsquark.go:2836.9,2838.4 1 1
github.com/MikeAustin71/stringopsgo/strops/v3/stropsquark.go:2840.31,2843.4 2 1
github.com/MikeAustin71/stringopsgo/strops/v3/stropsquark.go:2846.30,2851.3 2 0
github.com/MikeAustin71/stringopsgo/strops/v3/stropsquark.go:2856.21,2858.43 1 1
github.com/MikeAustin71/stringopsgo/strops/v3/stropsquark.go:2858.43,2860.4 1 1
github.com/MikeAustin71/stringopsgo/strops/v3/stropsquark.go:2860.9,2862.4 1 1
github.com/MikeAustin71/stringopsgo/strops/v3/stropsquark.go:2865.17,2868.3 2 0
github.com/MikeAustin71/stringopsgo/strops/v3/stropsquark.go:2914.21,2916.27 1 1
github.com/MikeAustin71/stringopsgo/strops/v3/stropsquark.go:2920.2,2924.19 3 1
github.com/MikeAustin71/stringopsgo/strops/v3/stropsquark.go:2928.2,2930.37 2 1
github.com/MikeAustin71/stringopsgo/strops/v3/stropsquark.go:2950.2,2950.25 1 1
github.com/MikeAustin71/stringopsgo/strops/v3/stropsquark.go:2916.27,2918.3 1 1
github.com/MikeAustin71/stringopsgo/strops/v3/stropsquark.go:2924.19,2926.3 1 1
github.com/MikeAustin71/stringopsgo/strops/v3/stropsquark.go:2930.37,2933.25 1 1
github.com/MikeAustin71/stringopsgo/strops/v3/stropsquark.go:2939.3,2939.47 1 1
github.com/MikeAustin71/stringopsgo/strops/v3/stropsquark.go:2933.25,2934.12 1 1
github.com/MikeAustin71/stringopsgo/strops/v3/stropsquark.go:2939.47,2942.9 2 1
github.com/MikeAustin71/stringopsgo/strops/v3/stropsquark.go:2944.9,2944.54 1 1
github.com/MikeAustin71/stringopsgo/strops/v3/stropsquark.go:2944.54,2945.9 1 1
github.com/MikeAustin71/stringopsgo/strops/v3/stropssort.go:46.62,48.2 1 1
github.com/MikeAustin71/stringopsgo/strops/v3/stropssort.go:54.67,56.2 1 1
github.com/MikeAustin71/stringopsgo/strops/v3/stropssort.go:62.72,66.18 3 1
github.com/MikeAustin71/stringopsgo/strops/v3/stropssort.go:70.2,70.20 1 1
github.com/MikeAustin71/stringopsgo/strops/v3/stropssort.go:66.18,68.3 1 1
github.com/MikeAustin71/stringopsgo/strops/v3/stropssort.go:115.61,117.2 1 1
github.com/MikeAustin71/stringopsgo/strops/v3/stropssort.go:123.66,125.2 1 1
github.com/MikeAustin71/stringopsgo/strops/v3/stropssort.go:131.71,135.18 3 1
github.com/MikeAustin71/stringopsgo/strops/v3/stropssort.go:139.2,139.20 1 1
github.com/MikeAustin71/stringopsgo/strops/v3/stropssort.go:135.18,137.3 1 1
github.com/MikeAustin71/stringopsgo/strops/v3/stropstextjustifyenum.go:91.66,98.2 3 1
github.com/MikeAustin71/stringopsgo/strops/v3/stropstextjustifyenum.go:111.66,118.2 3 1
github.com/MikeAustin71/stringopsgo/strops/v3/stropstextjustifyenum.go:131.67,138.2 3 1
github.com/MikeAustin71/stringopsgo/strops/v3/stropstextjustifyenum.go:152.68,159.2 3 1
github.com/MikeAustin71/stringopsgo/strops/v3/stropstextjustifyenum.go:175.57,184.9 4 0
github.com/MikeAustin71/stringopsgo/strops/v3/stropstextjustifyenum.go:188.2,188.15 1 0
github.com/MikeAustin71/stringopsgo/strops/v3/stropstextjustifyenum.go:184.9,186.3 1 0
github.com/MikeAustin71/stringopsgo/strops/v3/stropstextjustifyenum.go:205.57,212.22 3 1
github.com/MikeAustin71/stringopsgo/strops/v3/stropstextjustifyenum.go:216.2,216.13 1 1
github.com/MikeAustin71/stringopsgo/strops/v3/stropstextjustifyenum.go:212.22,214.3 1 1
github.com/MikeAustin71/stringopsgo/strops/v3/stropstextjustifyenum.go:272.49,280.26 4 0
github.com/MikeAustin71/stringopsgo/strops/v3/stropstextjustifyenum.go:288.2,291.19 3 0
github.com/MikeAustin71/stringopsgo/strops/v3/stropstextjustifyenum.go:314.2,314.36 1 0
github.com/MikeAustin71/stringopsgo/strops/v3/stropstextjustifyenum.go:280.26,286.3 1 0
github.com/MikeAustin71/stringopsgo/strops/v3/stropstextjustifyenum.go:291.19,295.10 2 0
github.com/MikeAustin71/stringopsgo/strops/v3/stropstextjustifyenum.go:295.10,300.4 1 0
github.com/MikeAustin71/stringopsgo/strops/v3/stropstextjustifyenum.go:302.8,306.10 2 0
github.com/MikeAustin71/stringopsgo/strops/v3/stropstextjustifyenum.go:306.10,311.4 1 0
github.com/MikeAustin71/stringopsgo/strops/v3/stropstextjustifyenum.go:324.68,331.2 3 0
github.com/MikeAustin71/stringopsgo/strops/v3/stropstextjustifyenum.go:340.57,347.2 3 1
github.com/MikeAustin71/stringopsgo/strops/v3/stropsdatafieldprofiledto.go:29.61,37.2 6 1
github.com/MikeAustin71/stringopsgo/strops/v3/stropsdatafieldprofiledto.go:41.64,58.2 16 1
github.com/MikeAustin71/stringopsgo/strops/v3/stropsmolecule.go:89.9,91.30 1 1
github.com/MikeAustin71/stringopsgo/strops/v3/stropsmolecule.go:95.2,99.22 3 1
github.com/MikeAustin71/stringopsgo/strops/v3/stropsmolecule.go:103.2,106.48 3 1
github.com/MikeAustin71/stringopsgo/strops/v3/stropsmolecule.go:114.2,116.21 2 1
github.com/MikeAustin71/stringopsgo/strops/v3/stropsmolecule.go:125.2,125.22 1 1
github.com/MikeAustin71/stringopsgo/strops/v3/stropsmolecule.go:129.2,137.21 5 1
github.com/MikeAustin71/stringopsgo/strops/v3/stropsmolecule.go:141.2,141.52 1 1
github.com/MikeAustin71/stringopsgo/strops/v3/stropsmolecule.go:91.30,93.3 1 1
github.com/MikeAustin71/stringopsgo/strops/v3/stropsmolecule.go:99.22,101.3 1 1
github.com/MikeAustin71/stringopsgo/strops/v3/stropsmolecule.go:106.48,112.3 1 1
github.com/MikeAustin71/stringopsgo/strops/v3/stropsmolecule.go:116.21,123.3 1 1
github.com/MikeAustin71/stringopsgo/strops/v3/stropsmolecule.go:125.22,127.3 1 1
github.com/MikeAustin71/stringopsgo/strops/v3/stropsmolecule.go:137.21,139.3 1 1
github.com/MikeAustin71/stringopsgo/strops/v3/stropsmolecule.go:223.9,225.30 1 1
github.com/MikeAustin71/stringopsgo/strops/v3/stropsmolecule.go:229.2,233.22 3 1
github.com/MikeAustin71/stringopsgo/strops/v3/stropsmolecule.go:237.2,241.49 3 1
github.com/MikeAustin71/stringopsgo/strops/v3/stropsmolecule.go:248.2,250.24 2 1
github.com/MikeAustin71/stringopsgo/strops/v3/stropsmolecule.go:254.2,254.23 1 1
github.com/MikeAustin71/stringopsgo/strops/v3/stropsmolecule.go:264.2,268.40 3 1
github.com/MikeAustin71/stringopsgo/strops/v3/stropsmolecule.go:225.30,227.3 1 1
github.com/MikeAustin71/stringopsgo/strops/v3/stropsmolecule.go:233.22,235.3 1 1
github.com/MikeAustin71/stringopsgo/strops/v3/stropsmolecule.go:241.49,246.3 1 1
github.com/MikeAustin71/stringopsgo/strops/v3/stropsmolecule.go:250.24,252.3 1 1
github.com/MikeAustin71/stringopsgo/strops/v3/stropsmolecule.go:254.23,262.3 1 1
github.com/MikeAustin71/stringopsgo/strops/v3/stropsmolecule.go:362.9,364.30 1 1
github.com/MikeAustin71/stringopsgo/strops/v3/stropsmolecule.go:368.2,372.22 3 1
github.com/MikeAustin71/stringopsgo/strops/v3/stropsmolecule.go:376.2,380.48 3 1
github.com/MikeAustin71/stringopsgo/strops/v3/stropsmolecule.go:387.2,389.21 2 1
github.com/MikeAustin71/stringopsgo/strops/v3/stropsmolecule.go:397.2,397.22 1 1
github.com/MikeAustin71/stringopsgo/strops/v3/stropsmolecule.go:401.2,403.41 2 1
github.com/MikeAustin71/stringopsgo/strops/v3/stropsmolecule.go:364.30,366.3 1 1
github.com/MikeAustin71/stringopsgo/strops/v3/stropsmolecule.go:372.22,374.3 1 1
github.com/MikeAustin71/stringopsgo/strops/v3/stropsmolecule.go:380.48,385.3 1 1
github.com/MikeAustin71/stringopsgo/strops/v3/stropsmolecule.go:389.21,395.3 1 1
github.com/MikeAustin71/stringopsgo/strops/v3/stropsmolecule.go:397.22,399.3 1 1
github.com/MikeAustin71/stringopsgo/strops/v3/stropsmolecule.go:493.9,495.30 1 1
github.com/MikeAustin71/stringopsgo/strops/v3/stropsmolecule.go:499.2,503.22 3 1
github.com/MikeAustin71/stringopsgo/strops/v3/stropsmolecule.go:507.2,511.49 3 1
github.com/MikeAustin71/stringopsgo/strops/v3/stropsmolecule.go:519.2,521.24 2 1
github.com/MikeAustin71/stringopsgo/strops/v3/stropsmolecule.go:525.2,525.23 1 1
github.com/MikeAustin71/stringopsgo/strops/v3/stropsmolecule.go:536.2,540.39 3 1
github.com/MikeAustin71/stringopsgo/strops/v3/stropsmolecule.go:495.30,497.3 1 1
github.com/MikeAustin71/stringopsgo/strops/v3/stropsmolecule.go:503.22,505.3 1 1
github.com/MikeAustin71/stringopsgo/strops/v3/stropsmolecule.go:511.49,517.3 1 1
github.com/MikeAustin71/stringopsgo/strops/v3/stropsmolecule.go:521.24,523.3 1 1
github.com/MikeAustin71/stringopsgo/strops/v3/stropsmolecule.go:525.23,533.3 1 1
github.com/MikeAustin71/stringopsgo/strops/v3/stropsdatafieldtrailingdelimitertypeenum.go:72.97,79.2 3 1
github.com/MikeAustin71/stringopsgo/strops/v3/stropsdatafieldtrailingdelimitertypeenum.go:83.100,90.2 3 1
github.com/MikeAustin71/stringopsgo/strops/v3/stropsdatafieldtrailingdelimitertypeenum.go:94.97,101.2 3 1
github.com/MikeAustin71/stringopsgo/strops/v3/stropsdatafieldtrailingdelimitertypeenum.go:106.99,113.2 3 1
github.com/MikeAustin71/stringopsgo/strops/v3/stropsdatafieldtrailingdelimitertypeenum.go:118.101,125.2 3 1
github.com/MikeAustin71/stringopsgo/strops/v3/stropsdatafieldtrailingdelimitertypeenum.go:140.78,148.9 4 1
github.com/MikeAustin71/stringopsgo/strops/v3/stropsdatafieldtrailingdelimitertypeenum.go:155.2,155.12 1 1
github.com/MikeAustin71/stringopsgo/strops/v3/stropsdatafieldtrailingdelimitertypeenum.go:148.9,153.3 2 1
github.com/MikeAustin71/stringopsgo/strops/v3/stropsdatafieldtrailingdelimitertypeenum.go:180.72,188.9 4 1
github.com/MikeAustin71/stringopsgo/strops/v3/stropsdatafieldtrailingdelimitertypeenum.go:192.2,192.14 1 1
github.com/MikeAustin71/stringopsgo/strops/v3/stropsdatafieldtrailingdelimitertypeenum.go:188.9,190.3 1 1
github.com/MikeAustin71/stringopsgo/strops/v3/stropsdatafieldtrailingdelimitertypeenum.go:209.72,216.24 3 0
github.com/MikeAustin71/stringopsgo/strops/v3/stropsdatafieldtrailingdelimitertypeenum.go:220.2,220.13 1 0
github.com/MikeAustin71/stringopsgo/strops/v3/stropsdatafieldtrailingdelimitertypeenum.go:216.24,218.3 1 0
github.com/MikeAustin71/stringopsgo/strops/v3/stropsdatafieldtrailingdelimitertypeenum.go:279.62,289.42 5 1
github.com/MikeAustin71/stringopsgo/strops/v3/stropsdatafieldtrailingdelimitertypeenum.go:294.2,294.21 1 1
github.com/MikeAustin71/stringopsgo/strops/v3/stropsdatafieldtrailingdelimitertypeenum.go:301.2,305.19 3 1
github.com/MikeAustin71/stringopsgo/strops/v3/stropsdatafieldtrailingdelimitertypeenum.go:331.2,331.25 1 1
github.com/MikeAustin71/stringopsgo/strops/v3/stropsdatafieldtrailingdelimitertypeenum.go:289.42,292.3 2 1
github.com/MikeAustin71/stringopsgo/strops/v3/stropsdatafieldtrailingdelimitertypeenum.go:294.21,299.3 1 1
github.com/MikeAustin71/stringopsgo/strops/v3/stropsdatafieldtrailingdelimitertypeenum.go:305.19,309.10 2 1
github.com/MikeAustin71/stringopsgo/strops/v3/stropsdatafieldtrailingdelimitertypeenum.go:309.10,314.4 1 1
github.com/MikeAustin71/stringopsgo/strops/v3/stropsdatafieldtrailingdelimitertypeenum.go:316.8,322.10 3 1
github.com/MikeAustin71/stringopsgo/strops/v3/stropsdatafieldtrailingdelimitertypeenum.go:322.10,327.4 1 1
github.com/MikeAustin71/stringopsgo/strops/v3/stropsdatafieldtrailingdelimitertypeenum.go:337.72,344.2 3 1
github.com/MikeAustin71/stringopsgo/strops/v3/stropselectron.go:72.9,74.30 1 1
github.com/MikeAustin71/stringopsgo/strops/v3/stropselectron.go:78.2,82.22 3 1
github.com/MikeAustin71/stringopsgo/strops/v3/stropselectron.go:86.2,90.46 3 1
github.com/MikeAustin71/stringopsgo/strops/v3/stropselectron.go:93.2,95.20 2 1
github.com/MikeAustin71/stringopsgo/strops/v3/stropselectron.go:100.2,100.18 1 1
github.com/MikeAustin71/stringopsgo/strops/v3/stropselectron.go:105.2,105.30 1 1
github.com/MikeAustin71/stringopsgo/strops/v3/stropselectron.go:111.2,111.27 1 1
github.com/MikeAustin71/stringopsgo/strops/v3/stropselectron.go:116.2,118.22 2 1
github.com/MikeAustin71/stringopsgo/strops/v3/stropselectron.go:127.2,127.16 1 1
github.com/MikeAustin71/stringopsgo/strops/v3/stropselectron.go:74.30,76.3 1 1
github.com/MikeAustin71/stringopsgo/strops/v3/stropselectron.go:82.22,84.3 1 1
github.com/MikeAustin71/stringopsgo/strops/v3/stropselectron.go:90.46,92.3 1 1
github.com/MikeAustin71/stringopsgo/strops/v3/stropselectron.go:95.20,98.3 1 1
github.com/MikeAustin71/stringopsgo/strops/v3/stropselectron.go:100.18,103.3 1 1
github.com/MikeAustin71/stringopsgo/strops/v3/stropselectron.go:105.30,109.3 1 1
github.com/MikeAustin71/stringopsgo/strops/v3/stropselectron.go:111.27,114.3 1 1
github.com/MikeAustin71/stringopsgo/strops/v3/stropselectron.go:118.22,120.28 1 1
github.com/MikeAustin71/stringopsgo/strops/v3/stropselectron.go:124.3,124.8 1 1
github.com/MikeAustin71/stringopsgo/strops/v3/stropselectron.go:120.28,122.4 1 1
github.com/MikeAustin71/stringopsgo/strops/v3/stropselectron.go:178.9,180.30 1 1
github.com/MikeAustin71/stringopsgo/strops/v3/stropselectron.go:184.2,188.22 3 1
github.com/MikeAustin71/stringopsgo/strops/v3/stropselectron.go:192.2,194.25 2 1
github.com/MikeAustin71/stringopsgo/strops/v3/stropselectron.go:201.2,201.26 1 1
github.com/MikeAustin71/stringopsgo/strops/v3/stropselectron.go:208.2,216.16 3 1
github.com/MikeAustin71/stringopsgo/strops/v3/stropselectron.go:220.2,220.38 1 1
github.com/MikeAustin71/stringopsgo/strops/v3/stropselectron.go:180.30,182.3 1 1
github.com/MikeAustin71/stringopsgo/strops/v3/stropselectron.go:188.22,190.3 1 1
github.com/MikeAustin71/stringopsgo/strops/v3/stropselectron.go:194.25,199.3 1 1
github.com/MikeAustin71/stringopsgo/strops/v3/stropselectron.go:201.26,206.3 1 1
github.com/MikeAustin71/stringopsgo/strops/v3/stropselectron.go:216.16,218.3 1 0
github.com/MikeAustin71/stringopsgo/strops/v3/stropselectron.go:239.13,241.30 1 1
github.com/MikeAustin71/stringopsgo/strops/v3/stropselectron.go:245.2,249.22 3 1
github.com/MikeAustin71/stringopsgo/strops/v3/stropselectron.go:253.2,258.27 4 1
github.com/MikeAustin71/stringopsgo/strops/v3/stropselectron.go:266.2,269.12 3 1
github.com/MikeAustin71/stringopsgo/strops/v3/stropselectron.go:278.2,287.24 5 1
github.com/MikeAustin71/stringopsgo/strops/v3/stropselectron.go:293.2,297.38 3 1
github.com/MikeAustin71/stringopsgo/strops/v3/stropselectron.go:305.2,307.55 2 1
github.com/MikeAustin71/stringopsgo/strops/v3/stropselectron.go:312.2,314.26 2 1
github.com/MikeAustin71/stringopsgo/strops/v3/stropselectron.go:320.2,320.15 1 1
github.com/MikeAustin71/stringopsgo/strops/v3/stropselectron.go:241.30,243.3 1 1
github.com/MikeAustin71/stringopsgo/strops/v3/stropselectron.go:249.22,251.3 1 1
github.com/MikeAustin71/stringopsgo/strops/v3/stropselectron.go:258.27,264.3 2 0
github.com/MikeAustin71/stringopsgo/strops/v3/stropselectron.go:269.12,276.3 3 1
github.com/MikeAustin71/stringopsgo/strops/v3/stropselectron.go:287.24,291.3 3 0
github.com/MikeAustin71/stringopsgo/strops/v3/stropselectron.go:297.38,300.3 2 1
github.com/MikeAustin71/stringopsgo/strops/v3/stropselectron.go:300.8,303.3 2 1
github.com/MikeAustin71/stringopsgo/strops/v3/stropselectron.go:307.55,310.3 2 1
github.com/MikeAustin71/stringopsgo/strops/v3/stropselectron.go:314.26,316.3 1 1
github.com/MikeAustin71/stringopsgo/strops/v3/stropselectron.go:316.8,318.3 1 1
github.com/MikeAustin71/stringopsgo/strops/v3/stropselectron.go:359.20,361.30 1 1
github.com/MikeAustin71/stringopsgo/strops/v3/stropselectron.go:365.2,374.15 6 1
github.com/MikeAustin71/stringopsgo/strops/v3/stropselectron.go:378.2,378.38 1 1
github.com/MikeAustin71/stringopsgo/strops/v3/stropselectron.go:382.2,386.35 3 1
github.com/MikeAustin71/stringopsgo/strops/v3/stropselectron.go:424.2,426.35 2 1
github.com/MikeAustin71/stringopsgo/strops/v3/stropselectron.go:361.30,363.3 1 1
github.com/MikeAustin71/stringopsgo/strops/v3/stropselectron.go:374.15,376.3 1 1
github.com/MikeAustin71/stringopsgo/strops/v3/stropselectron.go:378.38,380.3 1 1
github.com/MikeAustin71/stringopsgo/strops/v3/stropselectron.go:386.35,390.21 1 1
github.com/MikeAustin71/stringopsgo/strops/v3/stropselectron.go:421.3,421.44 1 1
github.com/MikeAustin71/stringopsgo/strops/v3/stropselectron.go:390.21,392.18 1 1
github.com/MikeAustin71/stringopsgo/strops/v3/stropselectron.go:418.4,418.9 1 1
github.com/MikeAustin71/stringopsgo/strops/v3/stropselectron.go:392.18,396.34 2 1
github.com/MikeAustin71/stringopsgo/strops/v3/stropselectron.go:406.5,406.18 1 1
github.com/MikeAustin71/stringopsgo/strops/v3/stropselectron.go:412.5,412.10 1 1
github.com/MikeAustin71/stringopsgo/strops/v3/stropselectron.go:396.34,399.24 1 1
github.com/MikeAustin71/stringopsgo/strops/v3/stropselectron.go:399.24,400.15 1 1
github.com/MikeAustin71/stringopsgo/strops/v3/stropselectron.go:401.12,402.12 1 1
github.com/MikeAustin71/stringopsgo/strops/v3/stropselectron.go:406.18,408.6 1 1
github.com/MikeAustin71/stringopsgo/strops/v3/stropselectron.go:408.11,410.6 1 1
github.com/MikeAustin71/stringopsgo/strops/v3/stropselectron.go:414.10,416.5 1 1
github.com/MikeAustin71/stringopsgo/strops/v3/stropselectron.go:476.9,478.30 1 1
github.com/MikeAustin71/stringopsgo/strops/v3/stropselectron.go:482.2,486.22 3 1
github.com/MikeAustin71/stringopsgo/strops/v3/stropselectron.go:490.2,496.20 4 1
github.com/MikeAustin71/stringopsgo/strops/v3/stropselectron.go:503.2,505.25 2 1
github.com/MikeAustin71/stringopsgo/strops/v3/stropselectron.go:512.2,512.38 1 1
github.com/MikeAustin71/stringopsgo/strops/v3/stropselectron.go:524.2,524.33 1 1
github.com/MikeAustin71/stringopsgo/strops/v3/stropselectron.go:547.2,547.20 1 1
github.com/MikeAustin71/stringopsgo/strops/v3/stropselectron.go:478.30,480.3 1 1
github.com/MikeAustin71/stringopsgo/strops/v3/stropselectron.go:486.22,488.3 1 1
github.com/MikeAustin71/stringopsgo/strops/v3/stropselectron.go:496.20,501.3 1 1
github.com/MikeAustin71/stringopsgo/strops/v3/stropselectron.go:505.25,510.3 1 1
github.com/MikeAustin71/stringopsgo/strops/v3/stropselectron.go:512.38,514.35 1 1
github.com/MikeAustin71/stringopsgo/strops/v3/stropselectron.go:514.35,520.4 1 1
github.com/MikeAustin71/stringopsgo/strops/v3/stropselectron.go:524.33,528.39 2 1
github.com/MikeAustin71/stringopsgo/strops/v3/stropselectron.go:541.3,541.24 1 1
github.com/MikeAustin71/stringopsgo/strops/v3/stropselectron.go:528.39,530.48 1 1
github.com/MikeAustin71/stringopsgo/strops/v3/stropselectron.go:530.48,532.36 1 1
github.com/MikeAustin71/stringopsgo/strops/v3/stropselectron.go:536.5,537.10 2 1
github.com/MikeAustin71/stringopsgo/strops/v3/stropselectron.go:532.36,534.6 1 1
github.com/MikeAustin71/stringopsgo/strops/v3/stropselectron.go:541.24,543.4 1 1
github.com/MikeAustin71/stringopsgo/strops/v3/stropselectron.go:564.9,566.30 1 1
github.com/MikeAustin71/stringopsgo/strops/v3/stropselectron.go:570.2,574.22 3 1
github.com/MikeAustin71/stringopsgo/strops/v3/stropselectron.go:578.2,580.21 2 1
github.com/MikeAustin71/stringopsgo/strops/v3/stropselectron.go:587.2,587.28 1 1
github.com/MikeAustin71/stringopsgo/strops/v3/stropselectron.go:595.2,597.39 2 1
github.com/MikeAustin71/stringopsgo/strops/v3/stropselectron.go:612.2,612.23 1 1
github.com/MikeAustin71/stringopsgo/strops/v3/stropselectron.go:566.30,568.3 1 1
github.com/MikeAustin71/stringopsgo/strops/v3/stropselectron.go:574.22,576.3 1 1
github.com/MikeAustin71/stringopsgo/strops/v3/stropselectron.go:580.21,585.3 1 1
github.com/MikeAustin71/stringopsgo/strops/v3/stropselectron.go:587.28,593.3 1 1
github.com/MikeAustin71/stringopsgo/strops/v3/stropselectron.go:597.39,599.20 1 1
github.com/MikeAustin71/stringopsgo/strops/v3/stropselectron.go:608.3,608.91 1 1
github.com/MikeAustin71/stringopsgo/strops/v3/stropselectron.go:599.20,606.4 1 1
github.com/MikeAustin71/stringopsgo/strops/v3/stropselectron.go:663.9,665.30 1 1
github.com/MikeAustin71/stringopsgo/strops/v3/stropselectron.go:669.2,673.22 3 1
github.com/MikeAustin71/stringopsgo/strops/v3/stropselectron.go:677.2,679.25 2 1
github.com/MikeAustin71/stringopsgo/strops/v3/stropselectron.go:686.2,686.32 1 1
github.com/MikeAustin71/stringopsgo/strops/v3/stropselectron.go:693.2,701.16 3 1
github.com/MikeAustin71/stringopsgo/strops/v3/stropselectron.go:709.2,709.31 1 1
github.com/MikeAustin71/stringopsgo/strops/v3/stropselectron.go:665.30,667.3 1 1
github.com/MikeAustin71/stringopsgo/strops/v3/stropselectron.go:673.22,675.3 1 1
github.com/MikeAustin71/stringopsgo/strops/v3/stropselectron.go:679.25,684.3 1 1
github.com/MikeAustin71/stringopsgo/strops/v3/stropselectron.go:686.32,691.3 1 1
github.com/MikeAustin71/stringopsgo/strops/v3/stropselectron.go:701.16,707.3 1 1
github.com/MikeAustin71/stringopsgo/strops/v3/stropselectron.go:729.13,731.30 1 1
github.com/MikeAustin71/stringopsgo/strops/v3/stropselectron.go:735.2,739.22 3 1
github.com/MikeAustin71/stringopsgo/strops/v3/stropselectron.go:743.2,748.41 4 1
github.com/MikeAustin71/stringopsgo/strops/v3/stropselectron.go:752.2,754.12 2 1
github.com/MikeAustin71/stringopsgo/strops/v3/stropselectron.go:765.2,771.25 5 1
github.com/MikeAustin71/stringopsgo/strops/v3/stropselectron.go:782.2,786.17 3 1
github.com/MikeAustin71/stringopsgo/strops/v3/stropselectron.go:792.2,792.15 1 1
github.com/MikeAustin71/stringopsgo/strops/v3/stropselectron.go:731.30,733.3 1 1
github.com/MikeAustin71/stringopsgo/strops/v3/stropselectron.go:739.22,741.3 1 1
github.com/MikeAustin71/stringopsgo/strops/v3/stropselectron.go:748.41,750.3 1 1
github.com/MikeAustin71/stringopsgo/strops/v3/stropselectron.go:754.12,763.3 3 1
github.com/MikeAustin71/stringopsgo/strops/v3/stropselectron.go:771.25,773.16 1 1
github.com/MikeAustin71/stringopsgo/strops/v3/stropselectron.go:778.3,779.8 2 1
github.com/MikeAustin71/stringopsgo/strops/v3/stropselectron.go:773.16,775.9 2 1
github.com/MikeAustin71/stringopsgo/strops/v3/stropselectron.go:786.17,788.3 1 1
github.com/MikeAustin71/stringopsgo/strops/v3/stropselectron.go:788.8,790.3 1 1
github.com/MikeAustin71/stringopsgo/strops/v3/stropsnumstrprofiledto.go:20.57,32.2 10 1
github.com/MikeAustin71/stringopsgo/strops/v3/strops.go:97.9,99.33 1 1
github.com/MikeAustin71/stringopsgo/strops/v3/strops.go:103.2,115.11 5 1
github.com/MikeAustin71/stringopsgo/strops/v3/strops.go:99.33,101.3 1 0
github.com/MikeAustin71/stringopsgo/strops/v3/strops.go:177.25,179.33 1 1
github.com/MikeAustin71/stringopsgo/strops/v3/strops.go:183.2,194.11 5 1
github.com/MikeAustin71/stringopsgo/strops/v3/strops.go:179.33,181.3 1 0
github.com/MikeAustin71/stringopsgo/strops/v3/strops.go:200.45,202.33 1 1
github.com/MikeAustin71/stringopsgo/strops/v3/strops.go:206.2,210.20 3 1
github.com/MikeAustin71/stringopsgo/strops/v3/strops.go:214.2,219.6 2 1
github.com/MikeAustin71/stringopsgo/strops/v3/strops.go:202.33,204.3 1 1
github.com/MikeAustin71/stringopsgo/strops/v3/strops.go:210.20,212.3 1 0
github.com/MikeAustin71/stringopsgo/strops/v3/strops.go:225.39,227.33 1 1
github.com/MikeAustin71/stringopsgo/strops/v3/strops.go:231.2,242.18 5 1
github.com/MikeAustin71/stringopsgo/strops/v3/strops.go:227.33,229.3 1 0
github.com/MikeAustin71/stringopsgo/strops/v3/strops.go:250.22,252.33 1 1
github.com/MikeAustin71/stringopsgo/strops/v3/strops.go:256.2,264.12 4 1
github.com/MikeAustin71/stringopsgo/strops/v3/strops.go:252.33,254.3 1 1
github.com/MikeAustin71/stringopsgo/strops/v3/strops.go:442.9,444.33 1 1
github.com/MikeAustin71/stringopsgo/strops/v3/strops.go:448.2,464.11 5 1
github.com/MikeAustin71/stringopsgo/strops/v3/strops.go:444.33,446.3 1 0
github.com/MikeAustin71/stringopsgo/strops/v3/strops.go:687.9,689.33 1 1
github.com/MikeAustin71/stringopsgo/strops/v3/strops.go:693.2,707.11 5 1
github.com/MikeAustin71/stringopsgo/strops/v3/strops.go:689.33,691.3 1 0
github.com/MikeAustin71/stringopsgo/strops/v3/strops.go:773.9,775.33 1 1
github.com/MikeAustin71/stringopsgo/strops/v3/strops.go:779.2,791.11 5 1
github.com/MikeAustin71/stringopsgo/strops/v3/strops.go:775.33,777.3 1 0
github.com/MikeAustin71/stringopsgo/strops/v3/strops.go:865.9,867.33 1 1
github.com/MikeAustin71/stringopsgo/strops/v3/strops.go:871.2,883.11 5 1
github.com/MikeAustin71/stringopsgo/strops/v3/strops.go:867.33,869.3 1 0
github.com/MikeAustin71/stringopsgo/strops/v3/strops.go:982.9,984.33 1 1
github.com/MikeAustin71/stringopsgo/strops/v3/strops.go:988.2,1000.11 5 1
github.com/MikeAustin71/stringopsgo/strops/v3/strops.go:984.33,986.3 1 0
github.com/MikeAustin71/stringopsgo/strops/v3/strops.go:1123.13,1125.33 1 1
github.com/MikeAustin71/stringopsgo/strops/v3/strops.go:1129.2,1141.11 5 1
github.com/MikeAustin71/stringopsgo/strops/v3/strops.go:1125.33,1127.3 1 0
github.com/MikeAustin71/stringopsgo/strops/v3/strops.go:1158.22,1160.33 1 1
github.com/MikeAustin71/stringopsgo/strops/v3/strops.go:1164.2,1172.9 4 1
github.com/MikeAustin71/stringopsgo/strops/v3/strops.go:1160.33,1162.3 1 1
github.com/MikeAustin71/stringopsgo/strops/v3/strops.go:1177.43,1180.33 2 1
github.com/MikeAustin71/stringopsgo/strops/v3/strops.go:1184.2,1190.38 4 1
github.com/MikeAustin71/stringopsgo/strops/v3/strops.go:1180.33,1182.3 1 0
github.com/MikeAustin71/stringopsgo/strops/v3/strops.go:1194.48,1196.33 1 1
github.com/MikeAustin71/stringopsgo/strops/v3/strops.go:1200.2,1204.16 3 1
github.com/MikeAustin71/stringopsgo/strops/v3/strops.go:1196.33,1198.3 1 1
github.com/MikeAustin71/stringopsgo/strops/v3/strops.go:1209.44,1211.33 1 1
github.com/MikeAustin71/stringopsgo/strops/v3/strops.go:1215.2,1225.15 7 1
github.com/MikeAustin71/stringopsgo/strops/v3/strops.go:1211.33,1213.3 1 0
github.com/MikeAustin71/stringopsgo/strops/v3/strops.go:1299.34,1301.33 1 1
github.com/MikeAustin71/stringopsgo/strops/v3/strops.go:1305.2,1316.11 5 1
github.com/MikeAustin71/stringopsgo/strops/v3/strops.go:1301.33,1303.3 1 0
github.com/MikeAustin71/stringopsgo/strops/v3/strops.go:1397.9,1399.33 1 1
github.com/MikeAustin71/stringopsgo/strops/v3/strops.go:1403.2,1414.11 5 1
github.com/MikeAustin71/stringopsgo/strops/v3/strops.go:1399.33,1401.3 1 0
github.com/MikeAustin71/stringopsgo/strops/v3/strops.go:1490.9,1492.33 1 1
github.com/MikeAustin71/stringopsgo/strops/v3/strops.go:1496.2,1507.11 5 1
github.com/MikeAustin71/stringopsgo/strops/v3/strops.go:1492.33,1494.3 1 0
github.com/MikeAustin71/stringopsgo/strops/v3/strops.go:1514.64,1516.33 1 1
github.com/MikeAustin71/stringopsgo/strops/v3/strops.go:1520.2,1526.49 4 1
github.com/MikeAustin71/stringopsgo/strops/v3/strops.go:1516.33,1518.3 1 0
github.com/MikeAustin71/stringopsgo/strops/v3/strops.go:1651.9,1653.33 1 1
github.com/MikeAustin71/stringopsgo/strops/v3/strops.go:1657.2,1669.11 5 1
github.com/MikeAustin71/stringopsgo/strops/v3/strops.go:1653.33,1655.3 1 1
github.com/MikeAustin71/stringopsgo/strops/v3/strops.go:1675.61,1677.33 1 1
github.com/MikeAustin71/stringopsgo/strops/v3/strops.go:1681.2,1687.44 4 1
github.com/MikeAustin71/stringopsgo/strops/v3/strops.go:1677.33,1679.3 1 0
github.com/MikeAustin71/stringopsgo/strops/v3/strops.go:1750.9,1752.33 1 1
github.com/MikeAustin71/stringopsgo/strops/v3/strops.go:1756.2,1767.11 5 1
github.com/MikeAustin71/stringopsgo/strops/v3/strops.go:1752.33,1754.3 1 1
github.com/MikeAustin71/stringopsgo/strops/v3/strops.go:1773.37,1775.33 1 1
github.com/MikeAustin71/stringopsgo/strops/v3/strops.go:1779.2,1787.17 5 1
github.com/MikeAustin71/stringopsgo/strops/v3/strops.go:1775.33,1777.3 1 1
github.com/MikeAustin71/stringopsgo/strops/v3/strops.go:1801.34,1803.33 1 1
github.com/MikeAustin71/stringopsgo/strops/v3/strops.go:1807.2,1815.17 5 1
github.com/MikeAustin71/stringopsgo/strops/v3/strops.go:1803.33,1805.3 1 1
github.com/MikeAustin71/stringopsgo/strops/v3/strops.go:1828.55,1830.33 1 1
github.com/MikeAustin71/stringopsgo/strops/v3/strops.go:1834.2,1845.11 5 1
github.com/MikeAustin71/stringopsgo/strops/v3/strops.go:1830.33,1832.3 1 0
github.com/MikeAustin71/stringopsgo/strops/v3/strops.go:1889.20,1891.33 1 1
github.com/MikeAustin71/stringopsgo/strops/v3/strops.go:1895.2,1903.12 4 1
github.com/MikeAustin71/stringopsgo/strops/v3/strops.go:1891.33,1893.3 1 0
github.com/MikeAustin71/stringopsgo/strops/v3/strops.go:1997.9,1999.33 1 1
github.com/MikeAustin71/stringopsgo/strops/v3/strops.go:2003.2,2014.11 5 1
github.com/MikeAustin71/stringopsgo/strops/v3/strops.go:1999.33,2001.3 1 0
github.com/MikeAustin71/stringopsgo/strops/v3/strops.go:2102.9,2104.33 1 1
github.com/MikeAustin71/stringopsgo/strops/v3/strops.go:2108.2,2119.11 5 1
github.com/MikeAustin71/stringopsgo/strops/v3/strops.go:2104.33,2106.3 1 0
github.com/MikeAustin71/stringopsgo/strops/v3/strops.go:2153.32,2155.33 1 1
github.com/MikeAustin71/stringopsgo/strops/v3/strops.go:2159.2,2163.25 3 1
github.com/MikeAustin71/stringopsgo/strops/v3/strops.go:2167.2,2170.30 3 1
github.com/MikeAustin71/stringopsgo/strops/v3/strops.go:2183.2,2192.15 2 1
github.com/MikeAustin71/stringopsgo/strops/v3/strops.go:2155.33,2157.3 1 0
github.com/MikeAustin71/stringopsgo/strops/v3/strops.go:2163.25,2165.3 1 0
github.com/MikeAustin71/stringopsgo/strops/v3/strops.go:2170.30,2181.3 2 1
github.com/MikeAustin71/stringopsgo/strops/v3/strops.go:2298.9,2300.33 1 1
github.com/MikeAustin71/stringopsgo/strops/v3/strops.go:2304.2,2315.11 5 1
github.com/MikeAustin71/stringopsgo/strops/v3/strops.go:2300.33,2302.3 1 0
github.com/MikeAustin71/stringopsgo/strops/v3/strops.go:2407.9,2409.33 1 1
github.com/MikeAustin71/stringopsgo/strops/v3/strops.go:2413.2,2424.11 5 1
github.com/MikeAustin71/stringopsgo/strops/v3/strops.go:2409.33,2411.3 1 0
github.com/MikeAustin71/stringopsgo/strops/v3/strops.go:2431.47,2433.33 1 1
github.com/MikeAustin71/stringopsgo/strops/v3/strops.go:2437.2,2445.23 5 1
github.com/MikeAustin71/stringopsgo/strops/v3/strops.go:2433.33,2435.3 1 1
github.com/MikeAustin71/stringopsgo/strops/v3/strops.go:2524.9,2526.33 1 1
github.com/MikeAustin71/stringopsgo/strops/v3/strops.go:2530.2,2541.11 5 1
github.com/MikeAustin71/stringopsgo/strops/v3/strops.go:2526.33,2528.3 1 1
github.com/MikeAustin71/stringopsgo/strops/v3/strops.go:2618.34,2620.33 1 1
github.com/MikeAustin71/stringopsgo/strops/v3/strops.go:2624.2,2635.11 5 1
github.com/MikeAustin71/stringopsgo/strops/v3/strops.go:2620.33,2622.3 1 1
github.com/MikeAustin71/stringopsgo/strops/v3/strops.go:2642.24,2644.33 1 1
github.com/MikeAustin71/stringopsgo/strops/v3/strops.go:2648.2,2654.47 4 1
github.com/MikeAustin71/stringopsgo/strops/v3/strops.go:2644.33,2646.3 1 1
github.com/MikeAustin71/stringopsgo/strops/v3/strops.go:2661.24,2663.33 1 1
github.com/MikeAustin71/stringopsgo/strops/v3/strops.go:2667.2,2673.47 4 1
github.com/MikeAustin71/stringopsgo/strops/v3/strops.go:2663.33,2665.3 1 1
github.com/MikeAustin71/stringopsgo/strops/v3/strops.go:2741.14,2743.33 1 1
github.com/MikeAustin71/stringopsgo/strops/v3/strops.go:2747.2,2755.12 4 1
github.com/MikeAustin71/stringopsgo/strops/v3/strops.go:2743.33,2745.3 1 0
github.com/MikeAustin71/stringopsgo/strops/v3/strops.go:2837.14,2839.33 1 1
github.com/MikeAustin71/stringopsgo/strops/v3/strops.go:2843.2,2851.12 4 1
github.com/MikeAustin71/stringopsgo/strops/v3/strops.go:2839.33,2841.3 1 0
github.com/MikeAustin71/stringopsgo/strops/v3/strops.go:2935.51,2937.33 1 1
github.com/MikeAustin71/stringopsgo/strops/v3/strops.go:2941.2,2949.12 4 1
github.com/MikeAustin71/stringopsgo/strops/v3/strops.go:2937.33,2939.3 1 0
github.com/MikeAustin71/stringopsgo/strops/v3/strops.go:3031.9,3033.33 1 1
github.com/MikeAustin71/stringopsgo/strops/v3/strops.go:3037.2,3048.11 5 1
github.com/MikeAustin71/stringopsgo/strops/v3/strops.go:3033.33,3035.3 1 1
github.com/MikeAustin71/stringopsgo/strops/v3/strops.go:3140.34,3142.33 1 1
github.com/MikeAustin71/stringopsgo/strops/v3/strops.go:3146.2,3157.11 5 1
github.com/MikeAustin71/stringopsgo/strops/v3/strops.go:3142.33,3144.3 1 1
github.com/MikeAustin71/stringopsgo/strops/v3/strops.go:3247.9,3249.33 1 1
github.com/MikeAustin71/stringopsgo/strops/v3/strops.go:3253.2,3264.11 5 1
github.com/MikeAustin71/stringopsgo/strops/v3/strops.go:3249.33,3251.3 1 1
github.com/MikeAustin71/stringopsgo/strops/v3/strops.go:3373.9,3375.33 1 1
github.com/MikeAustin71/stringopsgo/strops/v3/strops.go:3379.2,3392.11 5 1
github.com/MikeAustin71/stringopsgo/strops/v3/strops.go:3375.33,3377.3 1 1
github.com/MikeAustin71/stringopsgo/strops/v3/strops.go:3473.13,3475.33 1 1
github.com/MikeAustin71/stringopsgo/strops/v3/strops.go:3479.2,3490.11 5 1
github.com/MikeAustin71/stringopsgo/strops/v3/strops.go:3475.33,3477.3 1 1
github.com/MikeAustin71/stringopsgo/strops/v3/strops.go:3567.13,3569.33 1 1
github.com/MikeAustin71/stringopsgo/strops/v3/strops.go:3573.2,3584.11 5 1
github.com/MikeAustin71/stringopsgo/strops/v3/strops.go:3569.33,3571.3 1 1
github.com/MikeAustin71/stringopsgo/strops/v3/strops.go:3625.21,3627.33 1 1
github.com/MikeAustin71/stringopsgo/strops/v3/strops.go:3631.2,3637.44 4 1
github.com/MikeAustin71/stringopsgo/strops/v3/strops.go:3627.33,3629.3 1 0
github.com/MikeAustin71/stringopsgo/strops/v3/strops.go:3651.56,3653.33 1 1
github.com/MikeAustin71/stringopsgo/strops/v3/strops.go:3657.2,3666.21 4 1
github.com/MikeAustin71/stringopsgo/strops/v3/strops.go:3653.33,3655.3 1 0
github.com/MikeAustin71/stringopsgo/strops/v3/stropsatom.go:65.9,67.26 1 1
github.com/MikeAustin71/stringopsgo/strops/v3/stropsatom.go:71.2,75.22 3 1
github.com/MikeAustin71/stringopsgo/strops/v3/stropsatom.go:79.2,83.20 3 1
github.com/MikeAustin71/stringopsgo/strops/v3/stropsatom.go:90.2,90.20 1 1
github.com/MikeAustin71/stringopsgo/strops/v3/stropsatom.go:96.2,96.24 1 1
github.com/MikeAustin71/stringopsgo/strops/v3/stropsatom.go:103.2,105.46 2 1
github.com/MikeAustin71/stringopsgo/strops/v3/stropsatom.go:109.2,118.40 7 1
github.com/MikeAustin71/stringopsgo/strops/v3/stropsatom.go:275.2,275.24 1 1
github.com/MikeAustin71/stringopsgo/strops/v3/stropsatom.go:67.26,69.3 1 1
github.com/MikeAustin71/stringopsgo/strops/v3/stropsatom.go:75.22,77.3 1 1
github.com/MikeAustin71/stringopsgo/strops/v3/stropsatom.go:83.20,88.3 1 1
github.com/MikeAustin71/stringopsgo/strops/v3/stropsatom.go:90.20,94.3 1 1
github.com/MikeAustin71/stringopsgo/strops/v3/stropsatom.go:96.24,101.3 1 1
github.com/MikeAustin71/stringopsgo/strops/v3/stropsatom.go:105.46,107.3 1 1
github.com/MikeAustin71/stringopsgo/strops/v3/stropsatom.go:118.40,127.17 2 1
github.com/MikeAustin71/stringopsgo/strops/v3/stropsatom.go:135.3,135.19 1 1
github.com/MikeAustin71/stringopsgo/strops/v3/stropsatom.go:144.3,144.28 1 1
github.com/MikeAustin71/stringopsgo/strops/v3/stropsatom.go:150.3,152.33 2 1
github.com/MikeAustin71/stringopsgo/strops/v3/stropsatom.go:157.3,164.17 2 1
github.com/MikeAustin71/stringopsgo/strops/v3/stropsatom.go:172.3,172.18 1 1
github.com/MikeAustin71/stringopsgo/strops/v3/stropsatom.go:271.3,271.29 1 1
github.com/MikeAustin71/stringopsgo/strops/v3/stropsatom.go:127.17,133.4 1 0
github.com/MikeAustin71/stringopsgo/strops/v3/stropsatom.go:135.19,137.20 1 1
github.com/MikeAustin71/stringopsgo/strops/v3/stropsatom.go:141.4,141.9 1 1
github.com/MikeAustin71/stringopsgo/strops/v3/stropsatom.go:137.20,139.5 1 0
github.com/MikeAustin71/stringopsgo/strops/v3/stropsatom.go:144.28,147.9 3 0
github.com/MikeAustin71/stringopsgo/strops/v3/stropsatom.go:152.33,154.4 1 1
github.com/MikeAustin71/stringopsgo/strops/v3/stropsatom.go:164.17,170.4 1 0
github.com/MikeAustin71/stringopsgo/strops/v3/stropsatom.go:172.18,177.4 1 0
github.com/MikeAustin71/stringopsgo/strops/v3/stropsatom.go:177.9,177.26 1 1
github.com/MikeAustin71/stringopsgo/strops/v3/stropsatom.go:177.26,181.36 1 1
github.com/MikeAustin71/stringopsgo/strops/v3/stropsatom.go:181.36,188.10 3 1
github.com/MikeAustin71/stringopsgo/strops/v3/stropsatom.go:190.10,190.51 1 0
github.com/MikeAustin71/stringopsgo/strops/v3/stropsatom.go:190.51,196.37 1 0
github.com/MikeAustin71/stringopsgo/strops/v3/stropsatom.go:196.37,201.11 3 0
github.com/MikeAustin71/stringopsgo/strops/v3/stropsatom.go:203.11,207.6 2 0
github.com/MikeAustin71/stringopsgo/strops/v3/stropsatom.go:209.10,216.5 3 0
github.com/MikeAustin71/stringopsgo/strops/v3/stropsatom.go:218.9,221.32 1 1
github.com/MikeAustin71/stringopsgo/strops/v3/stropsatom.go:221.32,225.10 3 1
github.com/MikeAustin71/stringopsgo/strops/v3/stropsatom.go:227.10,227.44 1 1
github.com/MikeAustin71/stringopsgo/strops/v3/stropsatom.go:227.44,238.19 2 1
github.com/MikeAustin71/stringopsgo/strops/v3/stropsatom.go:248.5,248.18 1 1
github.com/MikeAustin71/stringopsgo/strops/v3/stropsatom.go:238.19,246.6 1 0
github.com/MikeAustin71/stringopsgo/strops/v3/stropsatom.go:248.18,253.14 2 0
github.com/MikeAustin71/stringopsgo/strops/v3/stropsatom.go:255.11,259.6 2 1
github.com/MikeAustin71/stringopsgo/strops/v3/stropsatom.go:261.10,268.5 2 1
github.com/MikeAustin71/stringopsgo/strops/v3/stropsatom.go:288.13,290.26 1 1
github.com/MikeAustin71/stringopsgo/strops/v3/stropsatom.go:294.2,298.22 3 1
github.com/MikeAustin71/stringopsgo/strops/v3/stropsatom.go:302.2,304.25 2 1
github.com/MikeAustin71/stringopsgo/strops/v3/stropsatom.go:311.2,311.27 1 1
github.com/MikeAustin71/stringopsgo/strops/v3/stropsatom.go:318.2,318.41 1 1
github.com/MikeAustin71/stringopsgo/strops/v3/stropsatom.go:322.2,322.43 1 1
github.com/MikeAustin71/stringopsgo/strops/v3/stropsatom.go:326.2,333.12 6 1
github.com/MikeAustin71/stringopsgo/strops/v3/stropsatom.go:290.26,292.3 1 1
github.com/MikeAustin71/stringopsgo/strops/v3/stropsatom.go:298.22,300.3 1 0
github.com/MikeAustin71/stringopsgo/strops/v3/stropsatom.go:304.25,309.3 2 0
github.com/MikeAustin71/stringopsgo/strops/v3/stropsatom.go:311.27,316.3 2 0
github.com/MikeAustin71/stringopsgo/strops/v3/stropsatom.go:318.41,320.3 1 0
github.com/MikeAustin71/stringopsgo/strops/v3/stropsatom.go:322.43,324.3 1 0
github.com/MikeAustin71/stringopsgo/strops/v3/stropsatom.go:343.9,345.26 1 1
github.com/MikeAustin71/stringopsgo/strops/v3/stropsatom.go:349.2,353.22 3 1
github.com/MikeAustin71/stringopsgo/strops/v3/stropsatom.go:357.2,363.19 4 1
github.com/MikeAustin71/stringopsgo/strops/v3/stropsatom.go:370.2,376.24 5 1
github.com/MikeAustin71/stringopsgo/strops/v3/stropsatom.go:345.26,347.3 1 1
github.com/MikeAustin71/stringopsgo/strops/v3/stropsatom.go:353.22,355.3 1 0
github.com/MikeAustin71/stringopsgo/strops/v3/stropsatom.go:363.19,368.3 2 0
github.com/MikeAustin71/stringopsgo/strops/v3/stropsatom.go:548.9,550.26 1 1
github.com/MikeAustin71/stringopsgo/strops/v3/stropsatom.go:554.2,558.22 3 1
github.com/MikeAustin71/stringopsgo/strops/v3/stropsatom.go:562.2,572.23 8 1
github.com/MikeAustin71/stringopsgo/strops/v3/stropsatom.go:579.2,579.18 1 1
github.com/MikeAustin71/stringopsgo/strops/v3/stropsatom.go:585.2,585.30 1 1
github.com/MikeAustin71/stringopsgo/strops/v3/stropsatom.go:594.2,596.36 2 1
github.com/MikeAustin71/stringopsgo/strops/v3/stropsatom.go:605.2,607.49 2 1
github.com/MikeAustin71/stringopsgo/strops/v3/stropsatom.go:617.2,617.31 1 1
github.com/MikeAustin71/stringopsgo/strops/v3/stropsatom.go:625.2,627.37 2 1
github.com/MikeAustin71/stringopsgo/strops/v3/stropsatom.go:636.2,638.50 2 1
github.com/MikeAustin71/stringopsgo/strops/v3/stropsatom.go:647.2,647.31 1 1
github.com/MikeAustin71/stringopsgo/strops/v3/stropsatom.go:655.2,665.34 8 1
github.com/MikeAustin71/stringopsgo/strops/v3/stropsatom.go:713.2,714.28 1 1
github.com/MikeAustin71/stringopsgo/strops/v3/stropsatom.go:721.2,724.30 2 1
github.com/MikeAustin71/stringopsgo/strops/v3/stropsatom.go:776.2,779.28 2 1
github.com/MikeAustin71/stringopsgo/strops/v3/stropsatom.go:786.2,789.37 2 1
github.com/MikeAustin71/stringopsgo/strops/v3/stropsatom.go:854.2,859.32 4 1
github.com/MikeAustin71/stringopsgo/strops/v3/stropsatom.go:909.2,909.30 1 1
github.com/MikeAustin71/stringopsgo/strops/v3/stropsatom.go:913.2,913.77 1 1
github.com/MikeAustin71/stringopsgo/strops/v3/stropsatom.go:917.2,923.36 6 1
github.com/MikeAustin71/stringopsgo/strops/v3/stropsatom.go:929.2,929.24 1 1
github.com/MikeAustin71/stringopsgo/strops/v3/stropsatom.go:550.26,552.3 1 1
github.com/MikeAustin71/stringopsgo/strops/v3/stropsatom.go:558.22,560.3 1 1
github.com/MikeAustin71/stringopsgo/strops/v3/stropsatom.go:572.23,577.3 1 1
github.com/MikeAustin71/stringopsgo/strops/v3/stropsatom.go:579.18,583.3 1 1
github.com/MikeAustin71/stringopsgo/strops/v3/stropsatom.go:585.30,592.3 1 1
github.com/MikeAustin71/stringopsgo/strops/v3/stropsatom.go:596.36,603.3 1 1
github.com/MikeAustin71/stringopsgo/strops/v3/stropsatom.go:607.49,609.42 1 1
github.com/MikeAustin71/stringopsgo/strops/v3/stropsatom.go:613.3,613.34 1 1
github.com/MikeAustin71/stringopsgo/strops/v3/stropsatom.go:609.42,610.12 1 1
github.com/MikeAustin71/stringopsgo/strops/v3/stropsatom.go:617.31,623.3 2 1
github.com/MikeAustin71/stringopsgo/strops/v3/stropsatom.go:627.37,634.3 1 1
github.com/MikeAustin71/stringopsgo/strops/v3/stropsatom.go:638.50,640.43 1 1
github.com/MikeAustin71/stringopsgo/strops/v3/stropsatom.go:644.3,644.34 1 1
github.com/MikeAustin71/stringopsgo/strops/v3/stropsatom.go:640.43,641.12 1 1
github.com/MikeAustin71/stringopsgo/strops/v3/stropsatom.go:647.31,653.3 2 1
github.com/MikeAustin71/stringopsgo/strops/v3/stropsatom.go:665.34,667.49 1 1
github.com/MikeAustin71/stringopsgo/strops/v3/stropsatom.go:688.3,688.32 1 1
github.com/MikeAustin71/stringopsgo/strops/v3/stropsatom.go:696.3,696.24 1 1
github.com/MikeAustin71/stringopsgo/strops/v3/stropsatom.go:667.49,669.40 1 1
github.com/MikeAustin71/stringopsgo/strops/v3/stropsatom.go:673.4,677.29 3 1
github.com/MikeAustin71/stringopsgo/strops/v3/stropsatom.go:681.4,682.36 1 1
github.com/MikeAustin71/stringopsgo/strops/v3/stropsatom.go:669.40,670.13 1 1
github.com/MikeAustin71/stringopsgo/strops/v3/stropsatom.go:677.29,678.13 1 1
github.com/MikeAustin71/stringopsgo/strops/v3/stropsatom.go:682.36,685.5 2 1
github.com/MikeAustin71/stringopsgo/strops/v3/stropsatom.go:688.32,694.4 2 1
github.com/MikeAustin71/stringopsgo/strops/v3/stropsatom.go:696.24,704.43 5 1
github.com/MikeAustin71/stringopsgo/strops/v3/stropsatom.go:704.43,709.5 3 1
github.com/MikeAustin71/stringopsgo/strops/v3/stropsatom.go:714.28,719.3 2 1
github.com/MikeAustin71/stringopsgo/strops/v3/stropsatom.go:724.30,730.45 4 1
github.com/MikeAustin71/stringopsgo/strops/v3/stropsatom.go:751.3,751.32 1 1
github.com/MikeAustin71/stringopsgo/strops/v3/stropsatom.go:759.3,759.24 1 1
github.com/MikeAustin71/stringopsgo/strops/v3/stropsatom.go:730.45,732.38 1 1
github.com/MikeAustin71/stringopsgo/strops/v3/stropsatom.go:736.4,740.24 3 1
github.com/MikeAustin71/stringopsgo/strops/v3/stropsatom.go:744.4,745.31 1 1
github.com/MikeAustin71/stringopsgo/strops/v3/stropsatom.go:732.38,733.13 1 1
github.com/MikeAustin71/stringopsgo/strops/v3/stropsatom.go:740.24,741.13 1 1
github.com/MikeAustin71/stringopsgo/strops/v3/stropsatom.go:745.31,748.5 2 1
github.com/MikeAustin71/stringopsgo/strops/v3/stropsatom.go:751.32,757.4 2 1
github.com/MikeAustin71/stringopsgo/strops/v3/stropsatom.go:759.24,766.43 5 1
github.com/MikeAustin71/stringopsgo/strops/v3/stropsatom.go:766.43,772.5 3 1
github.com/MikeAustin71/stringopsgo/strops/v3/stropsatom.go:779.28,784.3 2 1
github.com/MikeAustin71/stringopsgo/strops/v3/stropsatom.go:789.37,794.52 4 1
github.com/MikeAustin71/stringopsgo/strops/v3/stropsatom.go:817.3,817.32 1 1
github.com/MikeAustin71/stringopsgo/strops/v3/stropsatom.go:825.3,825.25 1 1
github.com/MikeAustin71/stringopsgo/strops/v3/stropsatom.go:831.3,831.24 1 1
github.com/MikeAustin71/stringopsgo/strops/v3/stropsatom.go:794.52,796.45 1 1
github.com/MikeAustin71/stringopsgo/strops/v3/stropsatom.go:801.4,805.28 3 1
github.com/MikeAustin71/stringopsgo/strops/v3/stropsatom.go:809.4,810.35 1 1
github.com/MikeAustin71/stringopsgo/strops/v3/stropsatom.go:796.45,798.13 1 1
github.com/MikeAustin71/stringopsgo/strops/v3/stropsatom.go:805.28,806.13 1 1
github.com/MikeAustin71/stringopsgo/strops/v3/stropsatom.go:810.35,814.5 2 1
github.com/MikeAustin71/stringopsgo/strops/v3/stropsatom.go:817.32,823.4 2 1
github.com/MikeAustin71/stringopsgo/strops/v3/stropsatom.go:825.25,829.4 1 1
github.com/MikeAustin71/stringopsgo/strops/v3/stropsatom.go:831.24,837.44 2 1
github.com/MikeAustin71/stringopsgo/strops/v3/stropsatom.go:844.4,847.49 3 1
github.com/MikeAustin71/stringopsgo/strops/v3/stropsatom.go:837.44,842.5 1 1
github.com/MikeAustin71/stringopsgo/strops/v3/stropsatom.go:859.32,861.30 1 1
github.com/MikeAustin71/stringopsgo/strops/v3/stropsatom.go:896.3,896.30 1 1
github.com/MikeAustin71/stringopsgo/strops/v3/stropsatom.go:900.3,904.2 3 1
github.com/MikeAustin71/stringopsgo/strops/v3/stropsatom.go:861.30,863.51 1 1
github.com/MikeAustin71/stringopsgo/strops/v3/stropsatom.go:863.51,867.32 2 1
github.com/MikeAustin71/stringopsgo/strops/v3/stropsatom.go:872.5,874.29 2 1
github.com/MikeAustin71/stringopsgo/strops/v3/stropsatom.go:867.32,868.14 1 1
github.com/MikeAustin71/stringopsgo/strops/v3/stropsatom.go:877.9,879.52 1 1
github.com/MikeAustin71/stringopsgo/strops/v3/stropsatom.go:879.52,883.33 2 1
github.com/MikeAustin71/stringopsgo/strops/v3/stropsatom.go:887.5,891.28 3 1
github.com/MikeAustin71/stringopsgo/strops/v3/stropsatom.go:883.33,884.14 1 1
github.com/MikeAustin71/stringopsgo/strops/v3/stropsatom.go:896.30,898.4 1 1
github.com/MikeAustin71/stringopsgo/strops/v3/stropsatom.go:909.30,911.3 1 1
github.com/MikeAustin71/stringopsgo/strops/v3/stropsatom.go:913.77,915.3 1 1
github.com/MikeAustin71/stringopsgo/strops/v3/stropsatom.go:923.36,925.3 1 1
github.com/MikeAustin71/stringopsgo/strops/v3/stropsatom.go:925.8,927.3 1 1
github.com/MikeAustin71/stringopsgo/strops/v3/stropsatom.go:1139.9,1141.26 1 1
github.com/MikeAustin71/stringopsgo/strops/v3/stropsatom.go:1145.2,1149.22 3 1
github.com/MikeAustin71/stringopsgo/strops/v3/stropsatom.go:1153.2,1161.23 6 1
github.com/MikeAustin71/stringopsgo/strops/v3/stropsatom.go:1168.2,1168.20 1 1
github.com/MikeAustin71/stringopsgo/strops/v3/stropsatom.go:1174.2,1174.32 1 1
github.com/MikeAustin71/stringopsgo/strops/v3/stropsatom.go:1182.2,1194.31 9 1
github.com/MikeAustin71/stringopsgo/strops/v3/stropsatom.go:1211.2,1211.32 1 1
github.com/MikeAustin71/stringopsgo/strops/v3/stropsatom.go:1228.2,1228.32 1 1
github.com/MikeAustin71/stringopsgo/strops/v3/stropsatom.go:1245.2,1253.45 6 1
github.com/MikeAustin71/stringopsgo/strops/v3/stropsatom.go:1265.2,1265.32 1 1
github.com/MikeAustin71/stringopsgo/strops/v3/stropsatom.go:1272.2,1279.37 3 1
github.com/MikeAustin71/stringopsgo/strops/v3/stropsatom.go:1348.2,1350.37 2 1
github.com/MikeAustin71/stringopsgo/strops/v3/stropsatom.go:1369.2,1371.55 2 1
github.com/MikeAustin71/stringopsgo/strops/v3/stropsatom.go:1422.2,1422.34 1 1
github.com/MikeAustin71/stringopsgo/strops/v3/stropsatom.go:1442.2,1442.21 1 1
github.com/MikeAustin71/stringopsgo/strops/v3/stropsatom.go:1141.26,1143.3 1 1
github.com/MikeAustin71/stringopsgo/strops/v3/stropsatom.go:1149.22,1151.3 1 1
github.com/MikeAustin71/stringopsgo/strops/v3/stropsatom.go:1161.23,1166.3 1 1
github.com/MikeAustin71/stringopsgo/strops/v3/stropsatom.go:1168.20,1172.3 1 1
github.com/MikeAustin71/stringopsgo/strops/v3/stropsatom.go:1174.32,1180.3 1 1
github.com/MikeAustin71/stringopsgo/strops/v3/stropsatom.go:1194.31,1197.46 1 1
github.com/MikeAustin71/stringopsgo/strops/v3/stropsatom.go:1208.3,1208.46 1 1
github.com/MikeAustin71/stringopsgo/strops/v3/stropsatom.go:1197.46,1200.32 1 1
github.com/MikeAustin71/stringopsgo/strops/v3/stropsatom.go:1204.4,1204.74 1 1
github.com/MikeAustin71/stringopsgo/strops/v3/stropsatom.go:1200.32,1201.13 1 0
github.com/MikeAustin71/stringopsgo/strops/v3/stropsatom.go:1211.32,1214.47 1 1
github.com/MikeAustin71/stringopsgo/strops/v3/stropsatom.go:1225.3,1225.48 1 1
github.com/MikeAustin71/stringopsgo/strops/v3/stropsatom.go:1214.47,1217.33 1 1
github.com/MikeAustin71/stringopsgo/strops/v3/stropsatom.go:1221.4,1221.77 1 1
github.com/MikeAustin71/stringopsgo/strops/v3/stropsatom.go:1217.33,1218.13 1 0
github.com/MikeAustin71/stringopsgo/strops/v3/stropsatom.go:1228.32,1231.47 1 1
github.com/MikeAustin71/stringopsgo/strops/v3/stropsatom.go:1242.3,1242.48 1 1
github.com/MikeAustin71/stringopsgo/strops/v3/stropsatom.go:1231.47,1234.33 1 1
github.com/MikeAustin71/stringopsgo/strops/v3/stropsatom.go:1238.4,1238.77 1 1
github.com/MikeAustin71/stringopsgo/strops/v3/stropsatom.go:1234.33,1235.13 1 0
github.com/MikeAustin71/stringopsgo/strops/v3/stropsatom.go:1253.45,1257.31 1 1
github.com/MikeAustin71/stringopsgo/strops/v3/stropsatom.go:1257.31,1261.9 2 1
github.com/MikeAustin71/stringopsgo/strops/v3/stropsatom.go:1265.32,1270.3 1 1
github.com/MikeAustin71/stringopsgo/strops/v3/stropsatom.go:1279.37,1281.59 1 1
github.com/MikeAustin71/stringopsgo/strops/v3/stropsatom.go:1281.59,1283.45 1 1
github.com/MikeAustin71/stringopsgo/strops/v3/stropsatom.go:1337.4,1339.39 2 1
github.com/MikeAustin71/stringopsgo/strops/v3/stropsatom.go:1344.4,1344.9 1 1
github.com/MikeAustin71/stringopsgo/strops/v3/stropsatom.go:1283.45,1285.46 1 1
github.com/MikeAustin71/stringopsgo/strops/v3/stropsatom.go:1285.46,1288.34 1 1
github.com/MikeAustin71/stringopsgo/strops/v3/stropsatom.go:1288.34,1306.33 7 1
github.com/MikeAustin71/stringopsgo/strops/v3/stropsatom.go:1312.7,1312.48 1 1
github.com/MikeAustin71/stringopsgo/strops/v3/stropsatom.go:1319.7,1319.12 1 1
github.com/MikeAustin71/stringopsgo/strops/v3/stropsatom.go:1306.33,1308.8 1 1
github.com/MikeAustin71/stringopsgo/strops/v3/stropsatom.go:1312.48,1313.47 1 1
github.com/MikeAustin71/stringopsgo/strops/v3/stropsatom.go:1313.47,1316.9 2 1
github.com/MikeAustin71/stringopsgo/strops/v3/stropsatom.go:1321.12,1332.12 5 1
github.com/MikeAustin71/stringopsgo/strops/v3/stropsatom.go:1339.39,1341.13 2 1
github.com/MikeAustin71/stringopsgo/strops/v3/stropsatom.go:1350.37,1352.57 1 1
github.com/MikeAustin71/stringopsgo/strops/v3/stropsatom.go:1352.57,1355.40 1 1
github.com/MikeAustin71/stringopsgo/strops/v3/stropsatom.go:1355.40,1361.5 3 1
github.com/MikeAustin71/stringopsgo/strops/v3/stropsatom.go:1361.10,1364.5 2 1
github.com/MikeAustin71/stringopsgo/strops/v3/stropsatom.go:1371.55,1373.21 1 1
github.com/MikeAustin71/stringopsgo/strops/v3/stropsatom.go:1401.3,1403.45 2 1
github.com/MikeAustin71/stringopsgo/strops/v3/stropsatom.go:1417.3,1417.8 1 1
github.com/MikeAustin71/stringopsgo/strops/v3/stropsatom.go:1373.21,1375.54 1 1
github.com/MikeAustin71/stringopsgo/strops/v3/stropsatom.go:1381.4,1381.46 1 1
github.com/MikeAustin71/stringopsgo/strops/v3/stropsatom.go:1375.54,1378.13 2 1
github.com/MikeAustin71/stringopsgo/strops/v3/stropsatom.go:1381.46,1383.47 1 1
github.com/MikeAustin71/stringopsgo/strops/v3/stropsatom.go:1383.47,1386.58 1 1
github.com/MikeAustin71/stringopsgo/strops/v3/stropsatom.go:1392.6,1394.23 2 1
github.com/MikeAustin71/stringopsgo/strops/v3/stropsatom.go:1386.58,1389.21 1 1
github.com/MikeAustin71/stringopsgo/strops/v3/stropsatom.go:1403.45,1405.46 1 1
github.com/MikeAustin71/stringopsgo/strops/v3/stropsatom.go:1405.46,1411.22 4 1
github.com/MikeAustin71/stringopsgo/strops/v3/stropsatom.go:1422.34,1425.30 2 1
github.com/MikeAustin71/stringopsgo/strops/v3/stropsatom.go:1431.3,1437.51 5 1
github.com/MikeAustin71/stringopsgo/strops/v3/stropsatom.go:1425.30,1427.4 1 1
github.com/MikeAustin71/stringopsgo/strops/v3/stropsatom.go:1427.9,1429.4 1 1
github.com/MikeAustin71/stringopsgo/strops/v3/stropsatom.go:1437.51,1439.4 1 1
